[debug] [2024-02-13T01:36:47.924Z] ----------------------------------------------------------------------
[debug] [2024-02-13T01:36:47.927Z] Command:       C:\Program Files\nodejs\node.exe C:\Users\Owner\AppData\Roaming\npm\node_modules\firebase-tools\lib\bin\firebase.js emulators:start --only functions
[debug] [2024-02-13T01:36:47.927Z] CLI Version:   13.2.1
[debug] [2024-02-13T01:36:47.927Z] Platform:      win32
[debug] [2024-02-13T01:36:47.927Z] Node Version:  v20.10.0
[debug] [2024-02-13T01:36:47.928Z] Time:          Tue Feb 13 2024 04:36:47 GMT+0300 (East Africa Time)
[debug] [2024-02-13T01:36:47.928Z] ----------------------------------------------------------------------
[debug] 
[debug] [2024-02-13T01:36:47.931Z] >>> [apiv2][query] GET https://firebase-public.firebaseio.com/cli.json [none]
[debug] [2024-02-13T01:36:48.044Z] > command requires scopes: ["email","openid","https://www.googleapis.com/auth/cloudplatformprojects.readonly","https://www.googleapis.com/auth/firebase","https://www.googleapis.com/auth/cloud-platform"]
[debug] [2024-02-13T01:36:48.045Z] > authorizing via signed-in user (tamene5813@gmail.com)
[info] i  emulators: Starting emulators: functions {"metadata":{"emulator":{"name":"hub"},"message":"Starting emulators: functions"}}
[debug] [2024-02-13T01:36:48.056Z] [logging] Logging Emulator only supports listening on one address (127.0.0.1). Not listening on ::1
[debug] [2024-02-13T01:36:48.056Z] assigned listening specs for emulators {"user":{"hub":[{"address":"127.0.0.1","family":"IPv4","port":4400},{"address":"::1","family":"IPv6","port":4400}],"ui":[{"address":"127.0.0.1","family":"IPv4","port":4000},{"address":"::1","family":"IPv6","port":4000}],"logging":[{"address":"127.0.0.1","family":"IPv4","port":4500}]},"metadata":{"message":"assigned listening specs for emulators"}}
[debug] [2024-02-13T01:36:48.071Z] [hub] writing locator at C:\Users\Owner\AppData\Local\Temp\hub-clone-5a2ec.json
[debug] [2024-02-13T01:36:48.086Z] [functions] Functions Emulator only supports listening on one address (127.0.0.1). Not listening on ::1
[debug] [2024-02-13T01:36:48.086Z] [eventarc] Eventarc Emulator only supports listening on one address (127.0.0.1). Not listening on ::1
[debug] [2024-02-13T01:36:48.086Z] late-assigned ports for functions and eventarc emulators {"user":{"hub":[{"address":"127.0.0.1","family":"IPv4","port":4400},{"address":"::1","family":"IPv6","port":4400}],"ui":[{"address":"127.0.0.1","family":"IPv4","port":4000},{"address":"::1","family":"IPv6","port":4000}],"logging":[{"address":"127.0.0.1","family":"IPv4","port":4500}],"functions":[{"address":"127.0.0.1","family":"IPv4","port":5001}],"eventarc":[{"address":"127.0.0.1","family":"IPv4","port":9299}]},"metadata":{"message":"late-assigned ports for functions and eventarc emulators"}}
[warn] !  functions: The following emulators are not running, calls to these services from the Functions emulator will affect production: auth, firestore, database, hosting, pubsub, storage {"metadata":{"emulator":{"name":"functions"},"message":"The following emulators are not running, calls to these services from the Functions emulator will affect production: \u001b[1mauth, firestore, database, hosting, pubsub, storage\u001b[22m"}}
[debug] [2024-02-13T01:36:48.090Z] defaultcredentials: writing to file C:\Users\Owner\AppData\Roaming\firebase\tamene5813_gmail_com_application_default_credentials.json
[debug] [2024-02-13T01:36:48.092Z] Setting GAC to C:\Users\Owner\AppData\Roaming\firebase\tamene5813_gmail_com_application_default_credentials.json {"metadata":{"emulator":{"name":"functions"},"message":"Setting GAC to C:\\Users\\Owner\\AppData\\Roaming\\firebase\\tamene5813_gmail_com_application_default_credentials.json"}}
[debug] [2024-02-13T01:36:48.093Z] > refreshing access token with scopes: []
[debug] [2024-02-13T01:36:48.094Z] >>> [apiv2][query] POST https://www.googleapis.com/oauth2/v3/token [none]
[debug] [2024-02-13T01:36:48.094Z] >>> [apiv2][body] POST https://www.googleapis.com/oauth2/v3/token [omitted]
[debug] [2024-02-13T01:36:50.307Z] <<< [apiv2][status] POST https://www.googleapis.com/oauth2/v3/token 200
[debug] [2024-02-13T01:36:50.307Z] <<< [apiv2][body] POST https://www.googleapis.com/oauth2/v3/token [omitted]
[debug] [2024-02-13T01:36:50.318Z] >>> [apiv2][query] GET https://firebase.googleapis.com/v1beta1/projects/clone-5a2ec/adminSdkConfig [none]
[debug] [2024-02-13T01:36:50.459Z] <<< [apiv2][status] GET https://firebase-public.firebaseio.com/cli.json 200
[debug] [2024-02-13T01:36:50.459Z] <<< [apiv2][body] GET https://firebase-public.firebaseio.com/cli.json {"cloudBuildErrorAfter":1594252800000,"cloudBuildWarnAfter":1590019200000,"defaultNode10After":1594252800000,"minVersion":"3.0.5","node8DeploysDisabledAfter":1613390400000,"node8RuntimeDisabledAfter":1615809600000,"node8WarnAfter":1600128000000}
[debug] [2024-02-13T01:36:51.067Z] <<< [apiv2][status] GET https://firebase.googleapis.com/v1beta1/projects/clone-5a2ec/adminSdkConfig 200
[debug] [2024-02-13T01:36:51.067Z] <<< [apiv2][body] GET https://firebase.googleapis.com/v1beta1/projects/clone-5a2ec/adminSdkConfig {"projectId":"clone-5a2ec","storageBucket":"clone-5a2ec.appspot.com"}
[debug] [2024-02-13T01:36:51.093Z] Ignoring unsupported arg: auto_download {"metadata":{"emulator":{"name":"ui"},"message":"Ignoring unsupported arg: auto_download"}}
[debug] [2024-02-13T01:36:51.093Z] Ignoring unsupported arg: port {"metadata":{"emulator":{"name":"ui"},"message":"Ignoring unsupported arg: port"}}
[debug] [2024-02-13T01:36:51.093Z] Starting Emulator UI with command {"binary":"node","args":["C:\\Users\\Owner\\.cache\\firebase\\emulators\\ui-v1.11.7\\server\\server.js"],"optionalArgs":[],"joinArgs":false} {"metadata":{"emulator":{"name":"ui"},"message":"Starting Emulator UI with command {\"binary\":\"node\",\"args\":[\"C:\\\\Users\\\\Owner\\\\.cache\\\\firebase\\\\emulators\\\\ui-v1.11.7\\\\server\\\\server.js\"],\"optionalArgs\":[],\"joinArgs\":false}"}}
[info] i  ui: Emulator UI logging to ui-debug.log {"metadata":{"emulator":{"name":"ui"},"message":"Emulator UI logging to \u001b[1mui-debug.log\u001b[22m"}}
[debug] [2024-02-13T01:36:51.206Z] Web / API server started at 127.0.0.1:4000
 {"metadata":{"emulator":{"name":"ui"},"message":"Web / API server started at 127.0.0.1:4000\n"}}
[debug] [2024-02-13T01:36:51.206Z] Web / API server started at ::1:4000
 {"metadata":{"emulator":{"name":"ui"},"message":"Web / API server started at ::1:4000\n"}}
[info] i  functions: Watching "C:\Users\Owner\Desktop\Evangadi\Phase 4\Amazone-Clone\amazone-clone\functions" for Cloud Functions... {"metadata":{"emulator":{"name":"functions"},"message":"Watching \"C:\\Users\\Owner\\Desktop\\Evangadi\\Phase 4\\Amazone-Clone\\amazone-clone\\functions\" for Cloud Functions..."}}
[debug] [2024-02-13T01:36:51.374Z] Validating nodejs source
[debug] [2024-02-13T01:36:53.480Z] > [functions] package.json contents: {
  "name": "functions",
  "description": "Cloud Functions for Firebase",
  "scripts": {
    "serve": "firebase emulators:start --only functions",
    "shell": "firebase functions:shell",
    "start": "npm run shell",
    "deploy": "firebase deploy --only functions",
    "logs": "firebase functions:log"
  },
  "engines": {
    "node": "18"
  },
  "main": "index.js",
  "dependencies": {
    "cors": "^2.8.5",
    "dotenv": "^16.4.2",
    "express": "^4.18.2",
    "firebase-admin": "^11.8.0",
    "firebase-functions": "^4.3.1",
    "stripe": "^14.16.0"
  },
  "devDependencies": {
    "firebase-functions-test": "^3.1.0"
  },
  "private": true
}
[debug] [2024-02-13T01:36:53.480Z] Building nodejs source
[debug] [2024-02-13T01:36:53.481Z] Failed to find version of module node: reached end of search path C:\Users\Owner\Desktop\Evangadi\Phase 4\Amazone-Clone\amazone-clone\functions\node_modules
[warn] !  functions: Your requested "node" version "18" doesn't match your global version "20". Using node@20 from host. 
[info] i  functions: Loaded environment variables from .env. 
[debug] [2024-02-13T01:36:53.484Z] Could not find functions.yaml. Must use http discovery
[debug] [2024-02-13T01:36:53.488Z] Found firebase-functions binary at 'C:\Users\Owner\Desktop\Evangadi\Phase 4\Amazone-Clone\amazone-clone\functions\node_modules\.bin\firebase-functions'
[info] Serving at port 8312

[debug] [2024-02-13T01:36:54.502Z] Got response from /__/functions.yaml {"endpoints":{"api":{"availableMemoryMb":null,"timeoutSeconds":null,"minInstances":null,"maxInstances":null,"ingressSettings":null,"concurrency":null,"serviceAccountEmail":null,"vpc":null,"platform":"gcfv2","labels":{},"httpsTrigger":{},"entryPoint":"api"}},"specVersion":"v1alpha1","requiredAPIs":[]}
[info] +  functions: Loaded functions definitions from source: api. {"metadata":{"emulator":{"name":"functions"},"message":"Loaded functions definitions from source: api."}}
[info] +  functions[us-central1-api]: http function initialized (http://127.0.0.1:5001/clone-5a2ec/us-central1/api). {"metadata":{"emulator":{"name":"functions"},"message":"\u001b[1mhttp\u001b[22m function initialized (http://127.0.0.1:5001/clone-5a2ec/us-central1/api)."}}
[info] 
┌─────────────────────────────────────────────────────────────┐
│ ✔  All emulators ready! It is now safe to connect your app. │
│ i  View Emulator UI at http://127.0.0.1:4000/               │
└─────────────────────────────────────────────────────────────┘

┌───────────┬────────────────┬─────────────────────────────────┐
│ Emulator  │ Host:Port      │ View in Emulator UI             │
├───────────┼────────────────┼─────────────────────────────────┤
│ Functions │ 127.0.0.1:5001 │ http://127.0.0.1:4000/functions │
└───────────┴────────────────┴─────────────────────────────────┘
  Emulator Hub running at 127.0.0.1:4400
  Other reserved ports: 4500

Issues? Report them at https://github.com/firebase/firebase-tools/issues and attach the *-debug.log files.
 
[debug] [2024-02-13T01:43:04.073Z] File C:\Users\Owner\Desktop\Evangadi\Phase 4\Amazone-Clone\amazone-clone\functions\index.js changed, reloading triggers {"metadata":{"emulator":{"name":"functions"},"message":"File C:\\Users\\Owner\\Desktop\\Evangadi\\Phase 4\\Amazone-Clone\\amazone-clone\\functions\\index.js changed, reloading triggers"}}
[debug] [2024-02-13T01:43:05.082Z] Validating nodejs source
[debug] [2024-02-13T01:43:08.067Z] > [functions] package.json contents: {
  "name": "functions",
  "description": "Cloud Functions for Firebase",
  "scripts": {
    "serve": "firebase emulators:start --only functions",
    "shell": "firebase functions:shell",
    "start": "npm run shell",
    "deploy": "firebase deploy --only functions",
    "logs": "firebase functions:log"
  },
  "engines": {
    "node": "18"
  },
  "main": "index.js",
  "dependencies": {
    "cors": "^2.8.5",
    "dotenv": "^16.4.2",
    "express": "^4.18.2",
    "firebase-admin": "^11.8.0",
    "firebase-functions": "^4.3.1",
    "stripe": "^14.16.0"
  },
  "devDependencies": {
    "firebase-functions-test": "^3.1.0"
  },
  "private": true
}
[debug] [2024-02-13T01:43:08.068Z] Building nodejs source
[debug] [2024-02-13T01:43:08.068Z] Failed to find version of module node: reached end of search path C:\Users\Owner\Desktop\Evangadi\Phase 4\Amazone-Clone\amazone-clone\functions\node_modules
[warn] !  functions: Your requested "node" version "18" doesn't match your global version "20". Using node@20 from host. 
[info] i  functions: Loaded environment variables from .env. 
[debug] [2024-02-13T01:43:08.070Z] Could not find functions.yaml. Must use http discovery
[debug] [2024-02-13T01:43:08.075Z] Found firebase-functions binary at 'C:\Users\Owner\Desktop\Evangadi\Phase 4\Amazone-Clone\amazone-clone\functions\node_modules\.bin\firebase-functions'
[debug] [2024-02-13T01:43:08.082Z] File C:\Users\Owner\Desktop\Evangadi\Phase 4\Amazone-Clone\amazone-clone\functions\index.js changed, reloading triggers {"metadata":{"emulator":{"name":"functions"},"message":"File C:\\Users\\Owner\\Desktop\\Evangadi\\Phase 4\\Amazone-Clone\\amazone-clone\\functions\\index.js changed, reloading triggers"}}
[info] Serving at port 8308

[debug] [2024-02-13T01:43:08.810Z] Got response from /__/functions.yaml {"endpoints":{"api":{"availableMemoryMb":null,"timeoutSeconds":null,"minInstances":null,"maxInstances":null,"ingressSettings":null,"concurrency":null,"serviceAccountEmail":null,"vpc":null,"platform":"gcfv2","labels":{},"httpsTrigger":{},"entryPoint":"api"}},"specVersion":"v1alpha1","requiredAPIs":[]}
[debug] [2024-02-13T01:43:09.084Z] Validating nodejs source
[debug] [2024-02-13T01:43:11.060Z] > [functions] package.json contents: {
  "name": "functions",
  "description": "Cloud Functions for Firebase",
  "scripts": {
    "serve": "firebase emulators:start --only functions",
    "shell": "firebase functions:shell",
    "start": "npm run shell",
    "deploy": "firebase deploy --only functions",
    "logs": "firebase functions:log"
  },
  "engines": {
    "node": "18"
  },
  "main": "index.js",
  "dependencies": {
    "cors": "^2.8.5",
    "dotenv": "^16.4.2",
    "express": "^4.18.2",
    "firebase-admin": "^11.8.0",
    "firebase-functions": "^4.3.1",
    "stripe": "^14.16.0"
  },
  "devDependencies": {
    "firebase-functions-test": "^3.1.0"
  },
  "private": true
}
[debug] [2024-02-13T01:43:11.061Z] Building nodejs source
[debug] [2024-02-13T01:43:11.061Z] Failed to find version of module node: reached end of search path C:\Users\Owner\Desktop\Evangadi\Phase 4\Amazone-Clone\amazone-clone\functions\node_modules
[warn] !  functions: Your requested "node" version "18" doesn't match your global version "20". Using node@20 from host. 
[info] i  functions: Loaded environment variables from .env. 
[debug] [2024-02-13T01:43:11.063Z] Could not find functions.yaml. Must use http discovery
[debug] [2024-02-13T01:43:11.066Z] Found firebase-functions binary at 'C:\Users\Owner\Desktop\Evangadi\Phase 4\Amazone-Clone\amazone-clone\functions\node_modules\.bin\firebase-functions'
[info] Serving at port 8605

[debug] [2024-02-13T01:43:11.440Z] File C:\Users\Owner\Desktop\Evangadi\Phase 4\Amazone-Clone\amazone-clone\functions\index.js changed, reloading triggers {"metadata":{"emulator":{"name":"functions"},"message":"File C:\\Users\\Owner\\Desktop\\Evangadi\\Phase 4\\Amazone-Clone\\amazone-clone\\functions\\index.js changed, reloading triggers"}}
[debug] [2024-02-13T01:43:11.845Z] Got response from /__/functions.yaml {"endpoints":{"api":{"availableMemoryMb":null,"timeoutSeconds":null,"minInstances":null,"maxInstances":null,"ingressSettings":null,"concurrency":null,"serviceAccountEmail":null,"vpc":null,"platform":"gcfv2","labels":{},"httpsTrigger":{},"entryPoint":"api"}},"specVersion":"v1alpha1","requiredAPIs":[]}
[debug] [2024-02-13T01:43:12.440Z] Validating nodejs source
[debug] [2024-02-13T01:43:15.033Z] > [functions] package.json contents: {
  "name": "functions",
  "description": "Cloud Functions for Firebase",
  "scripts": {
    "serve": "firebase emulators:start --only functions",
    "shell": "firebase functions:shell",
    "start": "npm run shell",
    "deploy": "firebase deploy --only functions",
    "logs": "firebase functions:log"
  },
  "engines": {
    "node": "18"
  },
  "main": "index.js",
  "dependencies": {
    "cors": "^2.8.5",
    "dotenv": "^16.4.2",
    "express": "^4.18.2",
    "firebase-admin": "^11.8.0",
    "firebase-functions": "^4.3.1",
    "stripe": "^14.16.0"
  },
  "devDependencies": {
    "firebase-functions-test": "^3.1.0"
  },
  "private": true
}
[debug] [2024-02-13T01:43:15.033Z] Building nodejs source
[debug] [2024-02-13T01:43:15.033Z] Failed to find version of module node: reached end of search path C:\Users\Owner\Desktop\Evangadi\Phase 4\Amazone-Clone\amazone-clone\functions\node_modules
[warn] !  functions: Your requested "node" version "18" doesn't match your global version "20". Using node@20 from host. 
[info] i  functions: Loaded environment variables from .env. 
[debug] [2024-02-13T01:43:15.035Z] Could not find functions.yaml. Must use http discovery
[debug] [2024-02-13T01:43:15.039Z] Found firebase-functions binary at 'C:\Users\Owner\Desktop\Evangadi\Phase 4\Amazone-Clone\amazone-clone\functions\node_modules\.bin\firebase-functions'
[info] +  functions: Loaded functions definitions from source: api. {"metadata":{"emulator":{"name":"functions"},"message":"Loaded functions definitions from source: api."}}
[debug] [2024-02-13T01:43:15.060Z] File C:\Users\Owner\Desktop\Evangadi\Phase 4\Amazone-Clone\amazone-clone\functions\index.js changed, reloading triggers {"metadata":{"emulator":{"name":"functions"},"message":"File C:\\Users\\Owner\\Desktop\\Evangadi\\Phase 4\\Amazone-Clone\\amazone-clone\\functions\\index.js changed, reloading triggers"}}
[info] Serving at port 8710

[debug] [2024-02-13T01:43:15.740Z] Got response from /__/functions.yaml {"endpoints":{"api":{"availableMemoryMb":null,"timeoutSeconds":null,"minInstances":null,"maxInstances":null,"ingressSettings":null,"concurrency":null,"serviceAccountEmail":null,"vpc":null,"platform":"gcfv2","labels":{},"httpsTrigger":{},"entryPoint":"api"}},"specVersion":"v1alpha1","requiredAPIs":[]}
[debug] [2024-02-13T01:43:16.070Z] Validating nodejs source
[debug] [2024-02-13T01:43:17.965Z] > [functions] package.json contents: {
  "name": "functions",
  "description": "Cloud Functions for Firebase",
  "scripts": {
    "serve": "firebase emulators:start --only functions",
    "shell": "firebase functions:shell",
    "start": "npm run shell",
    "deploy": "firebase deploy --only functions",
    "logs": "firebase functions:log"
  },
  "engines": {
    "node": "18"
  },
  "main": "index.js",
  "dependencies": {
    "cors": "^2.8.5",
    "dotenv": "^16.4.2",
    "express": "^4.18.2",
    "firebase-admin": "^11.8.0",
    "firebase-functions": "^4.3.1",
    "stripe": "^14.16.0"
  },
  "devDependencies": {
    "firebase-functions-test": "^3.1.0"
  },
  "private": true
}
[debug] [2024-02-13T01:43:17.965Z] Building nodejs source
[debug] [2024-02-13T01:43:17.965Z] Failed to find version of module node: reached end of search path C:\Users\Owner\Desktop\Evangadi\Phase 4\Amazone-Clone\amazone-clone\functions\node_modules
[warn] !  functions: Your requested "node" version "18" doesn't match your global version "20". Using node@20 from host. 
[info] i  functions: Loaded environment variables from .env. 
[debug] [2024-02-13T01:43:17.967Z] Could not find functions.yaml. Must use http discovery
[debug] [2024-02-13T01:43:17.970Z] Found firebase-functions binary at 'C:\Users\Owner\Desktop\Evangadi\Phase 4\Amazone-Clone\amazone-clone\functions\node_modules\.bin\firebase-functions'
[info] +  functions: Loaded functions definitions from source: api. {"metadata":{"emulator":{"name":"functions"},"message":"Loaded functions definitions from source: api."}}
[debug] [2024-02-13T01:43:17.990Z] File C:\Users\Owner\Desktop\Evangadi\Phase 4\Amazone-Clone\amazone-clone\functions\index.js changed, reloading triggers {"metadata":{"emulator":{"name":"functions"},"message":"File C:\\Users\\Owner\\Desktop\\Evangadi\\Phase 4\\Amazone-Clone\\amazone-clone\\functions\\index.js changed, reloading triggers"}}
[info] Serving at port 8832

[debug] [2024-02-13T01:43:18.564Z] Got response from /__/functions.yaml {"endpoints":{"api":{"availableMemoryMb":null,"timeoutSeconds":null,"minInstances":null,"maxInstances":null,"ingressSettings":null,"concurrency":null,"serviceAccountEmail":null,"vpc":null,"platform":"gcfv2","labels":{},"httpsTrigger":{},"entryPoint":"api"}},"specVersion":"v1alpha1","requiredAPIs":[]}
[debug] [2024-02-13T01:43:19.005Z] Validating nodejs source
[debug] [2024-02-13T01:43:24.718Z] > [functions] package.json contents: {
  "name": "functions",
  "description": "Cloud Functions for Firebase",
  "scripts": {
    "serve": "firebase emulators:start --only functions",
    "shell": "firebase functions:shell",
    "start": "npm run shell",
    "deploy": "firebase deploy --only functions",
    "logs": "firebase functions:log"
  },
  "engines": {
    "node": "18"
  },
  "main": "index.js",
  "dependencies": {
    "cors": "^2.8.5",
    "dotenv": "^16.4.2",
    "express": "^4.18.2",
    "firebase-admin": "^11.8.0",
    "firebase-functions": "^4.3.1",
    "stripe": "^14.16.0"
  },
  "devDependencies": {
    "firebase-functions-test": "^3.1.0"
  },
  "private": true
}
[debug] [2024-02-13T01:43:24.718Z] Building nodejs source
[debug] [2024-02-13T01:43:24.718Z] Failed to find version of module node: reached end of search path C:\Users\Owner\Desktop\Evangadi\Phase 4\Amazone-Clone\amazone-clone\functions\node_modules
[warn] !  functions: Your requested "node" version "18" doesn't match your global version "20". Using node@20 from host. 
[info] i  functions: Loaded environment variables from .env. 
[debug] [2024-02-13T01:43:24.721Z] Could not find functions.yaml. Must use http discovery
[debug] [2024-02-13T01:43:24.724Z] Found firebase-functions binary at 'C:\Users\Owner\Desktop\Evangadi\Phase 4\Amazone-Clone\amazone-clone\functions\node_modules\.bin\firebase-functions'
[info] +  functions: Loaded functions definitions from source: api. {"metadata":{"emulator":{"name":"functions"},"message":"Loaded functions definitions from source: api."}}
[info] +  functions: Loaded functions definitions from source: api. {"metadata":{"emulator":{"name":"functions"},"message":"Loaded functions definitions from source: api."}}
[debug] [2024-02-13T01:43:24.735Z] File C:\Users\Owner\Desktop\Evangadi\Phase 4\Amazone-Clone\amazone-clone\functions\index.js changed, reloading triggers {"metadata":{"emulator":{"name":"functions"},"message":"File C:\\Users\\Owner\\Desktop\\Evangadi\\Phase 4\\Amazone-Clone\\amazone-clone\\functions\\index.js changed, reloading triggers"}}
[info] Serving at port 8147

[debug] [2024-02-13T01:43:25.345Z] Got response from /__/functions.yaml {"endpoints":{"api":{"availableMemoryMb":null,"timeoutSeconds":null,"minInstances":null,"maxInstances":null,"ingressSettings":null,"concurrency":null,"serviceAccountEmail":null,"vpc":null,"platform":"gcfv2","labels":{},"httpsTrigger":{},"entryPoint":"api"}},"specVersion":"v1alpha1","requiredAPIs":[]}
[debug] [2024-02-13T01:43:25.747Z] Validating nodejs source
[debug] [2024-02-13T01:43:27.710Z] > [functions] package.json contents: {
  "name": "functions",
  "description": "Cloud Functions for Firebase",
  "scripts": {
    "serve": "firebase emulators:start --only functions",
    "shell": "firebase functions:shell",
    "start": "npm run shell",
    "deploy": "firebase deploy --only functions",
    "logs": "firebase functions:log"
  },
  "engines": {
    "node": "18"
  },
  "main": "index.js",
  "dependencies": {
    "cors": "^2.8.5",
    "dotenv": "^16.4.2",
    "express": "^4.18.2",
    "firebase-admin": "^11.8.0",
    "firebase-functions": "^4.3.1",
    "stripe": "^14.16.0"
  },
  "devDependencies": {
    "firebase-functions-test": "^3.1.0"
  },
  "private": true
}
[debug] [2024-02-13T01:43:27.710Z] Building nodejs source
[debug] [2024-02-13T01:43:27.710Z] Failed to find version of module node: reached end of search path C:\Users\Owner\Desktop\Evangadi\Phase 4\Amazone-Clone\amazone-clone\functions\node_modules
[warn] !  functions: Your requested "node" version "18" doesn't match your global version "20". Using node@20 from host. 
[info] i  functions: Loaded environment variables from .env. 
[debug] [2024-02-13T01:43:27.712Z] Could not find functions.yaml. Must use http discovery
[debug] [2024-02-13T01:43:27.716Z] Found firebase-functions binary at 'C:\Users\Owner\Desktop\Evangadi\Phase 4\Amazone-Clone\amazone-clone\functions\node_modules\.bin\firebase-functions'
[info] Serving at port 8286

[debug] [2024-02-13T01:43:28.340Z] Got response from /__/functions.yaml {"endpoints":{"api":{"availableMemoryMb":null,"timeoutSeconds":null,"minInstances":null,"maxInstances":null,"ingressSettings":null,"concurrency":null,"serviceAccountEmail":null,"vpc":null,"platform":"gcfv2","labels":{},"httpsTrigger":{},"entryPoint":"api"}},"specVersion":"v1alpha1","requiredAPIs":[]}
[info] +  functions: Loaded functions definitions from source: api. {"metadata":{"emulator":{"name":"functions"},"message":"Loaded functions definitions from source: api."}}
[info] +  functions: Loaded functions definitions from source: api. {"metadata":{"emulator":{"name":"functions"},"message":"Loaded functions definitions from source: api."}}
[debug] [2024-02-13T01:44:09.241Z] [work-queue] {"queuedWork":["/clone-5a2ec/us-central1/api/payment/create-2024-02-13T01:44:09.241Z"],"queueLength":1,"runningWork":[],"workRunningCount":0}
[debug] [2024-02-13T01:44:09.242Z] [work-queue] {"queuedWork":[],"queueLength":0,"runningWork":["/clone-5a2ec/us-central1/api/payment/create-2024-02-13T01:44:09.241Z"],"workRunningCount":1}
[debug] [2024-02-13T01:44:09.242Z] Accepted request POST /clone-5a2ec/us-central1/api/payment/create?total=300 --> us-central1-api
[debug] [2024-02-13T01:44:09.246Z] [functions] Runtime ready! Sending request! {"metadata":{"emulator":{"name":"functions"},"message":"[functions] Runtime ready! Sending request!"}}
[debug] [2024-02-13T01:44:09.246Z] [functions] Got req.url=/clone-5a2ec/us-central1/api/payment/create?total=300, mapping to path=/payment/create?total=300 {"metadata":{"emulator":{"name":"functions"},"message":"[functions] Got req.url=/clone-5a2ec/us-central1/api/payment/create?total=300, mapping to path=/payment/create?total=300"}}
[info] i  functions: Loaded environment variables from .env. 
[debug] [2024-02-13T01:44:09.258Z] [worker-pool] addWorker(us-central1-api) {"metadata":{"emulator":{"name":"functions"},"message":"[worker-pool] addWorker(us-central1-api)"}}
[debug] [2024-02-13T01:44:09.259Z] [worker-pool] Adding worker with key us-central1-api, total=1 {"metadata":{"emulator":{"name":"functions"},"message":"[worker-pool] Adding worker with key us-central1-api, total=1"}}
[debug] [2024-02-13T01:44:11.208Z] [runtime-status] [32584] Resolved module firebase-admin {"declared":true,"installed":true,"version":"11.11.1","resolution":"C:\\Users\\Owner\\Desktop\\Evangadi\\Phase 4\\Amazone-Clone\\amazone-clone\\functions\\node_modules\\firebase-admin\\lib\\index.js"} {"metadata":{"emulator":{"name":"functions"},"function":{"name":"us-central1-api"},"extension":{},"message":"[runtime-status] [32584] Resolved module firebase-admin {\"declared\":true,\"installed\":true,\"version\":\"11.11.1\",\"resolution\":\"C:\\\\Users\\\\Owner\\\\Desktop\\\\Evangadi\\\\Phase 4\\\\Amazone-Clone\\\\amazone-clone\\\\functions\\\\node_modules\\\\firebase-admin\\\\lib\\\\index.js\"}"}}
[debug] [2024-02-13T01:44:11.210Z] [runtime-status] [32584] Resolved module firebase-functions {"declared":true,"installed":true,"version":"4.7.0","resolution":"C:\\Users\\Owner\\Desktop\\Evangadi\\Phase 4\\Amazone-Clone\\amazone-clone\\functions\\node_modules\\firebase-functions\\lib\\v1\\index.js"} {"metadata":{"emulator":{"name":"functions"},"function":{"name":"us-central1-api"},"extension":{},"message":"[runtime-status] [32584] Resolved module firebase-functions {\"declared\":true,\"installed\":true,\"version\":\"4.7.0\",\"resolution\":\"C:\\\\Users\\\\Owner\\\\Desktop\\\\Evangadi\\\\Phase 4\\\\Amazone-Clone\\\\amazone-clone\\\\functions\\\\node_modules\\\\firebase-functions\\\\lib\\\\v1\\\\index.js\"}"}}
[debug] [2024-02-13T01:44:11.210Z] [runtime-status] [32584] Outgoing network have been stubbed. [{"name":"http","status":"mocked"},{"name":"http","status":"mocked"},{"name":"https","status":"mocked"},{"name":"https","status":"mocked"},{"name":"net","status":"mocked"}] {"metadata":{"emulator":{"name":"functions"},"function":{"name":"us-central1-api"},"extension":{},"message":"[runtime-status] [32584] Outgoing network have been stubbed. [{\"name\":\"http\",\"status\":\"mocked\"},{\"name\":\"http\",\"status\":\"mocked\"},{\"name\":\"https\",\"status\":\"mocked\"},{\"name\":\"https\",\"status\":\"mocked\"},{\"name\":\"net\",\"status\":\"mocked\"}]"}}
[debug] [2024-02-13T01:44:11.211Z] [runtime-status] [32584] Resolved module firebase-functions {"declared":true,"installed":true,"version":"4.7.0","resolution":"C:\\Users\\Owner\\Desktop\\Evangadi\\Phase 4\\Amazone-Clone\\amazone-clone\\functions\\node_modules\\firebase-functions\\lib\\v1\\index.js"} {"metadata":{"emulator":{"name":"functions"},"function":{"name":"us-central1-api"},"extension":{},"message":"[runtime-status] [32584] Resolved module firebase-functions {\"declared\":true,\"installed\":true,\"version\":\"4.7.0\",\"resolution\":\"C:\\\\Users\\\\Owner\\\\Desktop\\\\Evangadi\\\\Phase 4\\\\Amazone-Clone\\\\amazone-clone\\\\functions\\\\node_modules\\\\firebase-functions\\\\lib\\\\v1\\\\index.js\"}"}}
[debug] [2024-02-13T01:44:11.692Z] [runtime-status] [32584] Checked functions.config() {"config":{}} {"metadata":{"emulator":{"name":"functions"},"function":{"name":"us-central1-api"},"extension":{},"message":"[runtime-status] [32584] Checked functions.config() {\"config\":{}}"}}
[debug] [2024-02-13T01:44:11.692Z] [runtime-status] [32584] firebase-functions has been stubbed. {"functionsResolution":{"declared":true,"installed":true,"version":"4.7.0","resolution":"C:\\Users\\Owner\\Desktop\\Evangadi\\Phase 4\\Amazone-Clone\\amazone-clone\\functions\\node_modules\\firebase-functions\\lib\\v1\\index.js"}} {"metadata":{"emulator":{"name":"functions"},"function":{"name":"us-central1-api"},"extension":{},"message":"[runtime-status] [32584] firebase-functions has been stubbed. {\"functionsResolution\":{\"declared\":true,\"installed\":true,\"version\":\"4.7.0\",\"resolution\":\"C:\\\\Users\\\\Owner\\\\Desktop\\\\Evangadi\\\\Phase 4\\\\Amazone-Clone\\\\amazone-clone\\\\functions\\\\node_modules\\\\firebase-functions\\\\lib\\\\v1\\\\index.js\"}}"}}
[debug] [2024-02-13T01:44:11.693Z] [runtime-status] [32584] Resolved module firebase-functions {"declared":true,"installed":true,"version":"4.7.0","resolution":"C:\\Users\\Owner\\Desktop\\Evangadi\\Phase 4\\Amazone-Clone\\amazone-clone\\functions\\node_modules\\firebase-functions\\lib\\v1\\index.js"} {"metadata":{"emulator":{"name":"functions"},"function":{"name":"us-central1-api"},"extension":{},"message":"[runtime-status] [32584] Resolved module firebase-functions {\"declared\":true,\"installed\":true,\"version\":\"4.7.0\",\"resolution\":\"C:\\\\Users\\\\Owner\\\\Desktop\\\\Evangadi\\\\Phase 4\\\\Amazone-Clone\\\\amazone-clone\\\\functions\\\\node_modules\\\\firebase-functions\\\\lib\\\\v1\\\\index.js\"}"}}
[debug] [2024-02-13T01:44:11.695Z] [runtime-status] [32584] Resolved module firebase-admin {"declared":true,"installed":true,"version":"11.11.1","resolution":"C:\\Users\\Owner\\Desktop\\Evangadi\\Phase 4\\Amazone-Clone\\amazone-clone\\functions\\node_modules\\firebase-admin\\lib\\index.js"} {"metadata":{"emulator":{"name":"functions"},"function":{"name":"us-central1-api"},"extension":{},"message":"[runtime-status] [32584] Resolved module firebase-admin {\"declared\":true,\"installed\":true,\"version\":\"11.11.1\",\"resolution\":\"C:\\\\Users\\\\Owner\\\\Desktop\\\\Evangadi\\\\Phase 4\\\\Amazone-Clone\\\\amazone-clone\\\\functions\\\\node_modules\\\\firebase-admin\\\\lib\\\\index.js\"}"}}
[debug] [2024-02-13T01:44:11.699Z] [runtime-status] [32584] Resolved module firebase-functions {"declared":true,"installed":true,"version":"4.7.0","resolution":"C:\\Users\\Owner\\Desktop\\Evangadi\\Phase 4\\Amazone-Clone\\amazone-clone\\functions\\node_modules\\firebase-functions\\lib\\v1\\index.js"} {"metadata":{"emulator":{"name":"functions"},"function":{"name":"us-central1-api"},"extension":{},"message":"[runtime-status] [32584] Resolved module firebase-functions {\"declared\":true,\"installed\":true,\"version\":\"4.7.0\",\"resolution\":\"C:\\\\Users\\\\Owner\\\\Desktop\\\\Evangadi\\\\Phase 4\\\\Amazone-Clone\\\\amazone-clone\\\\functions\\\\node_modules\\\\firebase-functions\\\\lib\\\\v1\\\\index.js\"}"}}
[debug] [2024-02-13T01:44:11.699Z] [runtime-status] [32584] firebase-admin has been stubbed. {"adminResolution":{"declared":true,"installed":true,"version":"11.11.1","resolution":"C:\\Users\\Owner\\Desktop\\Evangadi\\Phase 4\\Amazone-Clone\\amazone-clone\\functions\\node_modules\\firebase-admin\\lib\\index.js"}} {"metadata":{"emulator":{"name":"functions"},"function":{"name":"us-central1-api"},"extension":{},"message":"[runtime-status] [32584] firebase-admin has been stubbed. {\"adminResolution\":{\"declared\":true,\"installed\":true,\"version\":\"11.11.1\",\"resolution\":\"C:\\\\Users\\\\Owner\\\\Desktop\\\\Evangadi\\\\Phase 4\\\\Amazone-Clone\\\\amazone-clone\\\\functions\\\\node_modules\\\\firebase-admin\\\\lib\\\\index.js\"}}"}}
[debug] [2024-02-13T01:44:12.000Z] [runtime-status] [32584] Functions runtime initialized. {"cwd":"C:\\Users\\Owner\\Desktop\\Evangadi\\Phase 4\\Amazone-Clone\\amazone-clone\\functions","node_version":"20.10.0"} {"metadata":{"emulator":{"name":"functions"},"function":{"name":"us-central1-api"},"extension":{},"message":"[runtime-status] [32584] Functions runtime initialized. {\"cwd\":\"C:\\\\Users\\\\Owner\\\\Desktop\\\\Evangadi\\\\Phase 4\\\\Amazone-Clone\\\\amazone-clone\\\\functions\",\"node_version\":\"20.10.0\"}"}}
[debug] [2024-02-13T01:44:12.000Z] [runtime-status] [32584] Listening to port: \\?\pipe\fire_emu_1266df533f27f4e9 {"metadata":{"emulator":{"name":"functions"},"function":{"name":"us-central1-api"},"extension":{},"message":"[runtime-status] [32584] Listening to port: \\\\?\\pipe\\fire_emu_1266df533f27f4e9"}}
[debug] [2024-02-13T01:44:12.062Z] [worker-us-central1-api-288e1ca5-b874-4754-8806-21101aa98006]: IDLE {"metadata":{"emulator":{"name":"functions"},"function":{"name":"us-central1-api"},"extension":{},"message":"[worker-us-central1-api-288e1ca5-b874-4754-8806-21101aa98006]: IDLE"}}
[debug] [2024-02-13T01:44:12.063Z] [worker-pool] submitRequest(triggerId=us-central1-api) {"metadata":{"emulator":{"name":"functions"},"message":"[worker-pool] submitRequest(triggerId=us-central1-api)"}}
[info] i  functions: Beginning execution of "us-central1-api" {"metadata":{"emulator":{"name":"functions"},"function":{"name":"us-central1-api"},"extension":{},"message":"Beginning execution of \"us-central1-api\""}}
[debug] [2024-02-13T01:44:12.063Z] [worker-us-central1-api-288e1ca5-b874-4754-8806-21101aa98006]: BUSY {"metadata":{"emulator":{"name":"functions"},"function":{"name":"us-central1-api"},"extension":{},"message":"[worker-us-central1-api-288e1ca5-b874-4754-8806-21101aa98006]: BUSY"}}
[info] >  { {"user":"{","metadata":{"emulator":{"name":"functions"},"function":{"name":"us-central1-api"},"extension":{},"message":"\u001b[90m> \u001b[39m {"}}
[info] >    id: 'pi_3OjAqSEeSxkntTem1YDhaCES', {"user":"  id: 'pi_3OjAqSEeSxkntTem1YDhaCES',","metadata":{"emulator":{"name":"functions"},"function":{"name":"us-central1-api"},"extension":{},"message":"\u001b[90m> \u001b[39m   id: 'pi_3OjAqSEeSxkntTem1YDhaCES',"}}
[info] >    object: 'payment_intent', {"user":"  object: 'payment_intent',","metadata":{"emulator":{"name":"functions"},"function":{"name":"us-central1-api"},"extension":{},"message":"\u001b[90m> \u001b[39m   object: 'payment_intent',"}}
[info] >    amount: 300, {"user":"  amount: 300,","metadata":{"emulator":{"name":"functions"},"function":{"name":"us-central1-api"},"extension":{},"message":"\u001b[90m> \u001b[39m   amount: 300,"}}
[info] >    amount_capturable: 0, {"user":"  amount_capturable: 0,","metadata":{"emulator":{"name":"functions"},"function":{"name":"us-central1-api"},"extension":{},"message":"\u001b[90m> \u001b[39m   amount_capturable: 0,"}}
[info] >    amount_details: { tip: {} }, {"user":"  amount_details: { tip: {} },","metadata":{"emulator":{"name":"functions"},"function":{"name":"us-central1-api"},"extension":{},"message":"\u001b[90m> \u001b[39m   amount_details: { tip: {} },"}}
[info] >    amount_received: 0, {"user":"  amount_received: 0,","metadata":{"emulator":{"name":"functions"},"function":{"name":"us-central1-api"},"extension":{},"message":"\u001b[90m> \u001b[39m   amount_received: 0,"}}
[info] >    application: null, {"user":"  application: null,","metadata":{"emulator":{"name":"functions"},"function":{"name":"us-central1-api"},"extension":{},"message":"\u001b[90m> \u001b[39m   application: null,"}}
[info] >    application_fee_amount: null, {"user":"  application_fee_amount: null,","metadata":{"emulator":{"name":"functions"},"function":{"name":"us-central1-api"},"extension":{},"message":"\u001b[90m> \u001b[39m   application_fee_amount: null,"}}
[info] >    automatic_payment_methods: { allow_redirects: 'always', enabled: true }, {"user":"  automatic_payment_methods: { allow_redirects: 'always', enabled: true },","metadata":{"emulator":{"name":"functions"},"function":{"name":"us-central1-api"},"extension":{},"message":"\u001b[90m> \u001b[39m   automatic_payment_methods: { allow_redirects: 'always', enabled: true },"}}
[info] >    canceled_at: null, {"user":"  canceled_at: null,","metadata":{"emulator":{"name":"functions"},"function":{"name":"us-central1-api"},"extension":{},"message":"\u001b[90m> \u001b[39m   canceled_at: null,"}}
[info] >    cancellation_reason: null, {"user":"  cancellation_reason: null,","metadata":{"emulator":{"name":"functions"},"function":{"name":"us-central1-api"},"extension":{},"message":"\u001b[90m> \u001b[39m   cancellation_reason: null,"}}
[info] >    capture_method: 'automatic', {"user":"  capture_method: 'automatic',","metadata":{"emulator":{"name":"functions"},"function":{"name":"us-central1-api"},"extension":{},"message":"\u001b[90m> \u001b[39m   capture_method: 'automatic',"}}
[info] >    client_secret: 'pi_3OjAqSEeSxkntTem1YDhaCES_secret_4nHafyU7l7wbgVvKAchGTZXBY', {"user":"  client_secret: 'pi_3OjAqSEeSxkntTem1YDhaCES_secret_4nHafyU7l7wbgVvKAchGTZXBY',","metadata":{"emulator":{"name":"functions"},"function":{"name":"us-central1-api"},"extension":{},"message":"\u001b[90m> \u001b[39m   client_secret: 'pi_3OjAqSEeSxkntTem1YDhaCES_secret_4nHafyU7l7wbgVvKAchGTZXBY',"}}
[info] >    confirmation_method: 'automatic', {"user":"  confirmation_method: 'automatic',","metadata":{"emulator":{"name":"functions"},"function":{"name":"us-central1-api"},"extension":{},"message":"\u001b[90m> \u001b[39m   confirmation_method: 'automatic',"}}
[info] >    created: 1707787896, {"user":"  created: 1707787896,","metadata":{"emulator":{"name":"functions"},"function":{"name":"us-central1-api"},"extension":{},"message":"\u001b[90m> \u001b[39m   created: 1707787896,"}}
[info] >    currency: 'usd', {"user":"  currency: 'usd',","metadata":{"emulator":{"name":"functions"},"function":{"name":"us-central1-api"},"extension":{},"message":"\u001b[90m> \u001b[39m   currency: 'usd',"}}
[info] >    customer: null, {"user":"  customer: null,","metadata":{"emulator":{"name":"functions"},"function":{"name":"us-central1-api"},"extension":{},"message":"\u001b[90m> \u001b[39m   customer: null,"}}
[info] >    description: null, {"user":"  description: null,","metadata":{"emulator":{"name":"functions"},"function":{"name":"us-central1-api"},"extension":{},"message":"\u001b[90m> \u001b[39m   description: null,"}}
[info] >    invoice: null, {"user":"  invoice: null,","metadata":{"emulator":{"name":"functions"},"function":{"name":"us-central1-api"},"extension":{},"message":"\u001b[90m> \u001b[39m   invoice: null,"}}
[info] >    last_payment_error: null, {"user":"  last_payment_error: null,","metadata":{"emulator":{"name":"functions"},"function":{"name":"us-central1-api"},"extension":{},"message":"\u001b[90m> \u001b[39m   last_payment_error: null,"}}
[info] >    latest_charge: null, {"user":"  latest_charge: null,","metadata":{"emulator":{"name":"functions"},"function":{"name":"us-central1-api"},"extension":{},"message":"\u001b[90m> \u001b[39m   latest_charge: null,"}}
[info] >    livemode: false, {"user":"  livemode: false,","metadata":{"emulator":{"name":"functions"},"function":{"name":"us-central1-api"},"extension":{},"message":"\u001b[90m> \u001b[39m   livemode: false,"}}
[info] >    metadata: {}, {"user":"  metadata: {},","metadata":{"emulator":{"name":"functions"},"function":{"name":"us-central1-api"},"extension":{},"message":"\u001b[90m> \u001b[39m   metadata: {},"}}
[info] >    next_action: null, {"user":"  next_action: null,","metadata":{"emulator":{"name":"functions"},"function":{"name":"us-central1-api"},"extension":{},"message":"\u001b[90m> \u001b[39m   next_action: null,"}}
[info] >    on_behalf_of: null, {"user":"  on_behalf_of: null,","metadata":{"emulator":{"name":"functions"},"function":{"name":"us-central1-api"},"extension":{},"message":"\u001b[90m> \u001b[39m   on_behalf_of: null,"}}
[info] >    payment_method: null, {"user":"  payment_method: null,","metadata":{"emulator":{"name":"functions"},"function":{"name":"us-central1-api"},"extension":{},"message":"\u001b[90m> \u001b[39m   payment_method: null,"}}
[info] >    payment_method_configuration_details: null, {"user":"  payment_method_configuration_details: null,","metadata":{"emulator":{"name":"functions"},"function":{"name":"us-central1-api"},"extension":{},"message":"\u001b[90m> \u001b[39m   payment_method_configuration_details: null,"}}
[info] >    payment_method_options: { {"user":"  payment_method_options: {","metadata":{"emulator":{"name":"functions"},"function":{"name":"us-central1-api"},"extension":{},"message":"\u001b[90m> \u001b[39m   payment_method_options: {"}}
[info] >      card: { {"user":"    card: {","metadata":{"emulator":{"name":"functions"},"function":{"name":"us-central1-api"},"extension":{},"message":"\u001b[90m> \u001b[39m     card: {"}}
[info] >        installments: null, {"user":"      installments: null,","metadata":{"emulator":{"name":"functions"},"function":{"name":"us-central1-api"},"extension":{},"message":"\u001b[90m> \u001b[39m       installments: null,"}}
[info] >        mandate_options: null, {"user":"      mandate_options: null,","metadata":{"emulator":{"name":"functions"},"function":{"name":"us-central1-api"},"extension":{},"message":"\u001b[90m> \u001b[39m       mandate_options: null,"}}
[info] >        network: null, {"user":"      network: null,","metadata":{"emulator":{"name":"functions"},"function":{"name":"us-central1-api"},"extension":{},"message":"\u001b[90m> \u001b[39m       network: null,"}}
[info] >        request_three_d_secure: 'automatic' {"user":"      request_three_d_secure: 'automatic'","metadata":{"emulator":{"name":"functions"},"function":{"name":"us-central1-api"},"extension":{},"message":"\u001b[90m> \u001b[39m       request_three_d_secure: 'automatic'"}}
[info] >      } {"user":"    }","metadata":{"emulator":{"name":"functions"},"function":{"name":"us-central1-api"},"extension":{},"message":"\u001b[90m> \u001b[39m     }"}}
[info] >    }, {"user":"  },","metadata":{"emulator":{"name":"functions"},"function":{"name":"us-central1-api"},"extension":{},"message":"\u001b[90m> \u001b[39m   },"}}
[info] >    payment_method_types: [ 'card' ], {"user":"  payment_method_types: [ 'card' ],","metadata":{"emulator":{"name":"functions"},"function":{"name":"us-central1-api"},"extension":{},"message":"\u001b[90m> \u001b[39m   payment_method_types: [ 'card' ],"}}
[info] >    processing: null, {"user":"  processing: null,","metadata":{"emulator":{"name":"functions"},"function":{"name":"us-central1-api"},"extension":{},"message":"\u001b[90m> \u001b[39m   processing: null,"}}
[info] >    receipt_email: null, {"user":"  receipt_email: null,","metadata":{"emulator":{"name":"functions"},"function":{"name":"us-central1-api"},"extension":{},"message":"\u001b[90m> \u001b[39m   receipt_email: null,"}}
[info] >    review: null, {"user":"  review: null,","metadata":{"emulator":{"name":"functions"},"function":{"name":"us-central1-api"},"extension":{},"message":"\u001b[90m> \u001b[39m   review: null,"}}
[info] >    setup_future_usage: null, {"user":"  setup_future_usage: null,","metadata":{"emulator":{"name":"functions"},"function":{"name":"us-central1-api"},"extension":{},"message":"\u001b[90m> \u001b[39m   setup_future_usage: null,"}}
[info] >    shipping: null, {"user":"  shipping: null,","metadata":{"emulator":{"name":"functions"},"function":{"name":"us-central1-api"},"extension":{},"message":"\u001b[90m> \u001b[39m   shipping: null,"}}
[info] >    source: null, {"user":"  source: null,","metadata":{"emulator":{"name":"functions"},"function":{"name":"us-central1-api"},"extension":{},"message":"\u001b[90m> \u001b[39m   source: null,"}}
[info] >    statement_descriptor: null, {"user":"  statement_descriptor: null,","metadata":{"emulator":{"name":"functions"},"function":{"name":"us-central1-api"},"extension":{},"message":"\u001b[90m> \u001b[39m   statement_descriptor: null,"}}
[info] >    statement_descriptor_suffix: null, {"user":"  statement_descriptor_suffix: null,","metadata":{"emulator":{"name":"functions"},"function":{"name":"us-central1-api"},"extension":{},"message":"\u001b[90m> \u001b[39m   statement_descriptor_suffix: null,"}}
[info] >    status: 'requires_payment_method', {"user":"  status: 'requires_payment_method',","metadata":{"emulator":{"name":"functions"},"function":{"name":"us-central1-api"},"extension":{},"message":"\u001b[90m> \u001b[39m   status: 'requires_payment_method',"}}
[info] >    transfer_data: null, {"user":"  transfer_data: null,","metadata":{"emulator":{"name":"functions"},"function":{"name":"us-central1-api"},"extension":{},"message":"\u001b[90m> \u001b[39m   transfer_data: null,"}}
[info] >    transfer_group: null {"user":"  transfer_group: null","metadata":{"emulator":{"name":"functions"},"function":{"name":"us-central1-api"},"extension":{},"message":"\u001b[90m> \u001b[39m   transfer_group: null"}}
[info] >  } {"user":"}","metadata":{"emulator":{"name":"functions"},"function":{"name":"us-central1-api"},"extension":{},"message":"\u001b[90m> \u001b[39m }"}}
[debug] [2024-02-13T01:44:13.410Z] Finishing up request with event=pause {"metadata":{"emulator":{"name":"functions"},"function":{"name":"us-central1-api"},"extension":{},"message":"Finishing up request with event=pause"}}
[info] i  functions: Finished "us-central1-api" in 1346.5688ms {"metadata":{"emulator":{"name":"functions"},"function":{"name":"us-central1-api"},"extension":{},"message":"Finished \"us-central1-api\" in 1346.5688ms"}}
[debug] [2024-02-13T01:44:13.411Z] [worker-us-central1-api-288e1ca5-b874-4754-8806-21101aa98006]: IDLE {"metadata":{"emulator":{"name":"functions"},"function":{"name":"us-central1-api"},"extension":{},"message":"[worker-us-central1-api-288e1ca5-b874-4754-8806-21101aa98006]: IDLE"}}
[debug] [2024-02-13T01:44:13.411Z] Finishing up request with event=finish {"metadata":{"emulator":{"name":"functions"},"function":{"name":"us-central1-api"},"extension":{},"message":"Finishing up request with event=finish"}}
[debug] [2024-02-13T01:44:13.411Z] Finishing up request with event=close {"metadata":{"emulator":{"name":"functions"},"function":{"name":"us-central1-api"},"extension":{},"message":"Finishing up request with event=close"}}
[debug] [2024-02-13T01:44:13.411Z] [work-queue] {"queuedWork":[],"queueLength":0,"runningWork":[],"workRunningCount":0}
[debug] [2024-02-13T01:49:18.468Z] File C:\Users\Owner\Desktop\Evangadi\Phase 4\Amazone-Clone\amazone-clone\functions\index.js changed, reloading triggers {"metadata":{"emulator":{"name":"functions"},"message":"File C:\\Users\\Owner\\Desktop\\Evangadi\\Phase 4\\Amazone-Clone\\amazone-clone\\functions\\index.js changed, reloading triggers"}}
[debug] [2024-02-13T01:49:19.488Z] Validating nodejs source
[debug] [2024-02-13T01:49:22.494Z] > [functions] package.json contents: {
  "name": "functions",
  "description": "Cloud Functions for Firebase",
  "scripts": {
    "serve": "firebase emulators:start --only functions",
    "shell": "firebase functions:shell",
    "start": "npm run shell",
    "deploy": "firebase deploy --only functions",
    "logs": "firebase functions:log"
  },
  "engines": {
    "node": "18"
  },
  "main": "index.js",
  "dependencies": {
    "cors": "^2.8.5",
    "dotenv": "^16.4.2",
    "express": "^4.18.2",
    "firebase-admin": "^11.8.0",
    "firebase-functions": "^4.3.1",
    "stripe": "^14.16.0"
  },
  "devDependencies": {
    "firebase-functions-test": "^3.1.0"
  },
  "private": true
}
[debug] [2024-02-13T01:49:22.494Z] Building nodejs source
[debug] [2024-02-13T01:49:22.494Z] Failed to find version of module node: reached end of search path C:\Users\Owner\Desktop\Evangadi\Phase 4\Amazone-Clone\amazone-clone\functions\node_modules
[warn] !  functions: Your requested "node" version "18" doesn't match your global version "20". Using node@20 from host. 
[info] i  functions: Loaded environment variables from .env. 
[debug] [2024-02-13T01:49:22.496Z] Could not find functions.yaml. Must use http discovery
[debug] [2024-02-13T01:49:22.501Z] Found firebase-functions binary at 'C:\Users\Owner\Desktop\Evangadi\Phase 4\Amazone-Clone\amazone-clone\functions\node_modules\.bin\firebase-functions'
[info] Serving at port 8915

[debug] [2024-02-13T01:49:23.279Z] Got response from /__/functions.yaml {"endpoints":{"api":{"availableMemoryMb":null,"timeoutSeconds":null,"minInstances":null,"maxInstances":null,"ingressSettings":null,"concurrency":null,"serviceAccountEmail":null,"vpc":null,"platform":"gcfv2","labels":{},"httpsTrigger":{},"entryPoint":"api"}},"specVersion":"v1alpha1","requiredAPIs":[]}
[info] +  functions: Loaded functions definitions from source: api. {"metadata":{"emulator":{"name":"functions"},"message":"Loaded functions definitions from source: api."}}
[debug] [2024-02-13T01:49:28.311Z] [worker-pool] Shutting down IDLE worker (us-central1-api) {"metadata":{"emulator":{"name":"functions"},"message":"[worker-pool] Shutting down IDLE worker (us-central1-api)"}}
[debug] [2024-02-13T01:49:28.311Z] [worker-us-central1-api-288e1ca5-b874-4754-8806-21101aa98006]: FINISHING {"metadata":{"emulator":{"name":"functions"},"function":{"name":"us-central1-api"},"extension":{},"message":"[worker-us-central1-api-288e1ca5-b874-4754-8806-21101aa98006]: FINISHING"}}
[debug] [2024-02-13T01:49:28.318Z] [worker-us-central1-api-288e1ca5-b874-4754-8806-21101aa98006]: exited {"metadata":{"emulator":{"name":"functions"},"function":{"name":"us-central1-api"},"extension":{},"message":"[worker-us-central1-api-288e1ca5-b874-4754-8806-21101aa98006]: exited"}}
[debug] [2024-02-13T01:49:28.318Z] [worker-us-central1-api-288e1ca5-b874-4754-8806-21101aa98006]: FINISHED {"metadata":{"emulator":{"name":"functions"},"function":{"name":"us-central1-api"},"extension":{},"message":"[worker-us-central1-api-288e1ca5-b874-4754-8806-21101aa98006]: FINISHED"}}
[debug] [2024-02-13T01:49:28.479Z] File C:\Users\Owner\Desktop\Evangadi\Phase 4\Amazone-Clone\amazone-clone\functions\index.js changed, reloading triggers {"metadata":{"emulator":{"name":"functions"},"message":"File C:\\Users\\Owner\\Desktop\\Evangadi\\Phase 4\\Amazone-Clone\\amazone-clone\\functions\\index.js changed, reloading triggers"}}
[debug] [2024-02-13T01:49:29.491Z] Validating nodejs source
[debug] [2024-02-13T01:49:32.093Z] > [functions] package.json contents: {
  "name": "functions",
  "description": "Cloud Functions for Firebase",
  "scripts": {
    "serve": "firebase emulators:start --only functions",
    "shell": "firebase functions:shell",
    "start": "npm run shell",
    "deploy": "firebase deploy --only functions",
    "logs": "firebase functions:log"
  },
  "engines": {
    "node": "18"
  },
  "main": "index.js",
  "dependencies": {
    "cors": "^2.8.5",
    "dotenv": "^16.4.2",
    "express": "^4.18.2",
    "firebase-admin": "^11.8.0",
    "firebase-functions": "^4.3.1",
    "stripe": "^14.16.0"
  },
  "devDependencies": {
    "firebase-functions-test": "^3.1.0"
  },
  "private": true
}
[debug] [2024-02-13T01:49:32.093Z] Building nodejs source
[debug] [2024-02-13T01:49:32.093Z] Failed to find version of module node: reached end of search path C:\Users\Owner\Desktop\Evangadi\Phase 4\Amazone-Clone\amazone-clone\functions\node_modules
[warn] !  functions: Your requested "node" version "18" doesn't match your global version "20". Using node@20 from host. 
[info] i  functions: Loaded environment variables from .env. 
[debug] [2024-02-13T01:49:32.095Z] Could not find functions.yaml. Must use http discovery
[debug] [2024-02-13T01:49:32.098Z] Found firebase-functions binary at 'C:\Users\Owner\Desktop\Evangadi\Phase 4\Amazone-Clone\amazone-clone\functions\node_modules\.bin\firebase-functions'
[info] Serving at port 8225

[debug] [2024-02-13T01:49:32.699Z] Got response from /__/functions.yaml {"endpoints":{"api":{"availableMemoryMb":null,"timeoutSeconds":null,"minInstances":null,"maxInstances":null,"ingressSettings":null,"concurrency":null,"serviceAccountEmail":null,"vpc":null,"platform":"gcfv2","labels":{},"httpsTrigger":{},"entryPoint":"api"}},"specVersion":"v1alpha1","requiredAPIs":[]}
[debug] [2024-02-13T01:49:37.704Z] File C:\Users\Owner\Desktop\Evangadi\Phase 4\Amazone-Clone\amazone-clone\functions\index.js changed, reloading triggers {"metadata":{"emulator":{"name":"functions"},"message":"File C:\\Users\\Owner\\Desktop\\Evangadi\\Phase 4\\Amazone-Clone\\amazone-clone\\functions\\index.js changed, reloading triggers"}}
[info] +  functions: Loaded functions definitions from source: api. {"metadata":{"emulator":{"name":"functions"},"message":"Loaded functions definitions from source: api."}}
[debug] [2024-02-13T01:49:38.717Z] Validating nodejs source
[debug] [2024-02-13T01:49:41.907Z] > [functions] package.json contents: {
  "name": "functions",
  "description": "Cloud Functions for Firebase",
  "scripts": {
    "serve": "firebase emulators:start --only functions",
    "shell": "firebase functions:shell",
    "start": "npm run shell",
    "deploy": "firebase deploy --only functions",
    "logs": "firebase functions:log"
  },
  "engines": {
    "node": "18"
  },
  "main": "index.js",
  "dependencies": {
    "cors": "^2.8.5",
    "dotenv": "^16.4.2",
    "express": "^4.18.2",
    "firebase-admin": "^11.8.0",
    "firebase-functions": "^4.3.1",
    "stripe": "^14.16.0"
  },
  "devDependencies": {
    "firebase-functions-test": "^3.1.0"
  },
  "private": true
}
[debug] [2024-02-13T01:49:41.908Z] Building nodejs source
[debug] [2024-02-13T01:49:41.908Z] Failed to find version of module node: reached end of search path C:\Users\Owner\Desktop\Evangadi\Phase 4\Amazone-Clone\amazone-clone\functions\node_modules
[warn] !  functions: Your requested "node" version "18" doesn't match your global version "20". Using node@20 from host. 
[info] i  functions: Loaded environment variables from .env. 
[debug] [2024-02-13T01:49:41.910Z] Could not find functions.yaml. Must use http discovery
[debug] [2024-02-13T01:49:41.914Z] Found firebase-functions binary at 'C:\Users\Owner\Desktop\Evangadi\Phase 4\Amazone-Clone\amazone-clone\functions\node_modules\.bin\firebase-functions'
[info] Serving at port 8636

[debug] [2024-02-13T01:49:42.382Z] File C:\Users\Owner\Desktop\Evangadi\Phase 4\Amazone-Clone\amazone-clone\functions\index.js changed, reloading triggers {"metadata":{"emulator":{"name":"functions"},"message":"File C:\\Users\\Owner\\Desktop\\Evangadi\\Phase 4\\Amazone-Clone\\amazone-clone\\functions\\index.js changed, reloading triggers"}}
[debug] [2024-02-13T01:49:42.568Z] Got response from /__/functions.yaml {"endpoints":{"api":{"availableMemoryMb":null,"timeoutSeconds":null,"minInstances":null,"maxInstances":null,"ingressSettings":null,"concurrency":null,"serviceAccountEmail":null,"vpc":null,"platform":"gcfv2","labels":{},"httpsTrigger":{},"entryPoint":"api"}},"specVersion":"v1alpha1","requiredAPIs":[]}
[debug] [2024-02-13T01:49:43.398Z] Validating nodejs source
[debug] [2024-02-13T01:49:46.097Z] > [functions] package.json contents: {
  "name": "functions",
  "description": "Cloud Functions for Firebase",
  "scripts": {
    "serve": "firebase emulators:start --only functions",
    "shell": "firebase functions:shell",
    "start": "npm run shell",
    "deploy": "firebase deploy --only functions",
    "logs": "firebase functions:log"
  },
  "engines": {
    "node": "18"
  },
  "main": "index.js",
  "dependencies": {
    "cors": "^2.8.5",
    "dotenv": "^16.4.2",
    "express": "^4.18.2",
    "firebase-admin": "^11.8.0",
    "firebase-functions": "^4.3.1",
    "stripe": "^14.16.0"
  },
  "devDependencies": {
    "firebase-functions-test": "^3.1.0"
  },
  "private": true
}
[debug] [2024-02-13T01:49:46.097Z] Building nodejs source
[debug] [2024-02-13T01:49:46.097Z] Failed to find version of module node: reached end of search path C:\Users\Owner\Desktop\Evangadi\Phase 4\Amazone-Clone\amazone-clone\functions\node_modules
[warn] !  functions: Your requested "node" version "18" doesn't match your global version "20". Using node@20 from host. 
[info] i  functions: Loaded environment variables from .env. 
[debug] [2024-02-13T01:49:46.101Z] Could not find functions.yaml. Must use http discovery
[debug] [2024-02-13T01:49:46.104Z] Found firebase-functions binary at 'C:\Users\Owner\Desktop\Evangadi\Phase 4\Amazone-Clone\amazone-clone\functions\node_modules\.bin\firebase-functions'
[debug] [2024-02-13T01:49:46.120Z] File C:\Users\Owner\Desktop\Evangadi\Phase 4\Amazone-Clone\amazone-clone\functions\index.js changed, reloading triggers {"metadata":{"emulator":{"name":"functions"},"message":"File C:\\Users\\Owner\\Desktop\\Evangadi\\Phase 4\\Amazone-Clone\\amazone-clone\\functions\\index.js changed, reloading triggers"}}
[info] Serving at port 8473

[debug] [2024-02-13T01:49:46.723Z] Got response from /__/functions.yaml {"endpoints":{"api":{"availableMemoryMb":null,"timeoutSeconds":null,"minInstances":null,"maxInstances":null,"ingressSettings":null,"concurrency":null,"serviceAccountEmail":null,"vpc":null,"platform":"gcfv2","labels":{},"httpsTrigger":{},"entryPoint":"api"}},"specVersion":"v1alpha1","requiredAPIs":[]}
[debug] [2024-02-13T01:49:47.134Z] Validating nodejs source
[debug] [2024-02-13T01:49:49.053Z] > [functions] package.json contents: {
  "name": "functions",
  "description": "Cloud Functions for Firebase",
  "scripts": {
    "serve": "firebase emulators:start --only functions",
    "shell": "firebase functions:shell",
    "start": "npm run shell",
    "deploy": "firebase deploy --only functions",
    "logs": "firebase functions:log"
  },
  "engines": {
    "node": "18"
  },
  "main": "index.js",
  "dependencies": {
    "cors": "^2.8.5",
    "dotenv": "^16.4.2",
    "express": "^4.18.2",
    "firebase-admin": "^11.8.0",
    "firebase-functions": "^4.3.1",
    "stripe": "^14.16.0"
  },
  "devDependencies": {
    "firebase-functions-test": "^3.1.0"
  },
  "private": true
}
[debug] [2024-02-13T01:49:49.053Z] Building nodejs source
[debug] [2024-02-13T01:49:49.053Z] Failed to find version of module node: reached end of search path C:\Users\Owner\Desktop\Evangadi\Phase 4\Amazone-Clone\amazone-clone\functions\node_modules
[warn] !  functions: Your requested "node" version "18" doesn't match your global version "20". Using node@20 from host. 
[info] i  functions: Loaded environment variables from .env. 
[debug] [2024-02-13T01:49:49.055Z] Could not find functions.yaml. Must use http discovery
[debug] [2024-02-13T01:49:49.058Z] Found firebase-functions binary at 'C:\Users\Owner\Desktop\Evangadi\Phase 4\Amazone-Clone\amazone-clone\functions\node_modules\.bin\firebase-functions'
[info] +  functions: Loaded functions definitions from source: api. {"metadata":{"emulator":{"name":"functions"},"message":"Loaded functions definitions from source: api."}}
[debug] [2024-02-13T01:49:49.067Z] File C:\Users\Owner\Desktop\Evangadi\Phase 4\Amazone-Clone\amazone-clone\functions\index.js changed, reloading triggers {"metadata":{"emulator":{"name":"functions"},"message":"File C:\\Users\\Owner\\Desktop\\Evangadi\\Phase 4\\Amazone-Clone\\amazone-clone\\functions\\index.js changed, reloading triggers"}}
[info] Serving at port 8375

[debug] [2024-02-13T01:49:49.650Z] File C:\Users\Owner\Desktop\Evangadi\Phase 4\Amazone-Clone\amazone-clone\functions\index.js changed, reloading triggers {"metadata":{"emulator":{"name":"functions"},"message":"File C:\\Users\\Owner\\Desktop\\Evangadi\\Phase 4\\Amazone-Clone\\amazone-clone\\functions\\index.js changed, reloading triggers"}}
[debug] [2024-02-13T01:49:49.713Z] Got response from /__/functions.yaml {"endpoints":{"api":{"availableMemoryMb":null,"timeoutSeconds":null,"minInstances":null,"maxInstances":null,"ingressSettings":null,"concurrency":null,"serviceAccountEmail":null,"vpc":null,"platform":"gcfv2","labels":{},"httpsTrigger":{},"entryPoint":"api"}},"specVersion":"v1alpha1","requiredAPIs":[]}
[debug] [2024-02-13T01:49:50.651Z] Validating nodejs source
[debug] [2024-02-13T01:49:52.558Z] > [functions] package.json contents: {
  "name": "functions",
  "description": "Cloud Functions for Firebase",
  "scripts": {
    "serve": "firebase emulators:start --only functions",
    "shell": "firebase functions:shell",
    "start": "npm run shell",
    "deploy": "firebase deploy --only functions",
    "logs": "firebase functions:log"
  },
  "engines": {
    "node": "18"
  },
  "main": "index.js",
  "dependencies": {
    "cors": "^2.8.5",
    "dotenv": "^16.4.2",
    "express": "^4.18.2",
    "firebase-admin": "^11.8.0",
    "firebase-functions": "^4.3.1",
    "stripe": "^14.16.0"
  },
  "devDependencies": {
    "firebase-functions-test": "^3.1.0"
  },
  "private": true
}
[debug] [2024-02-13T01:49:52.558Z] Building nodejs source
[debug] [2024-02-13T01:49:52.558Z] Failed to find version of module node: reached end of search path C:\Users\Owner\Desktop\Evangadi\Phase 4\Amazone-Clone\amazone-clone\functions\node_modules
[warn] !  functions: Your requested "node" version "18" doesn't match your global version "20". Using node@20 from host. 
[info] i  functions: Loaded environment variables from .env. 
[debug] [2024-02-13T01:49:52.561Z] Could not find functions.yaml. Must use http discovery
[debug] [2024-02-13T01:49:52.565Z] Found firebase-functions binary at 'C:\Users\Owner\Desktop\Evangadi\Phase 4\Amazone-Clone\amazone-clone\functions\node_modules\.bin\firebase-functions'
[info] +  functions: Loaded functions definitions from source: api. {"metadata":{"emulator":{"name":"functions"},"message":"Loaded functions definitions from source: api."}}
[debug] [2024-02-13T01:49:52.661Z] File C:\Users\Owner\Desktop\Evangadi\Phase 4\Amazone-Clone\amazone-clone\functions\index.js changed, reloading triggers {"metadata":{"emulator":{"name":"functions"},"message":"File C:\\Users\\Owner\\Desktop\\Evangadi\\Phase 4\\Amazone-Clone\\amazone-clone\\functions\\index.js changed, reloading triggers"}}
[info] Serving at port 8011

[debug] [2024-02-13T01:49:53.176Z] Got response from /__/functions.yaml {"endpoints":{"api":{"availableMemoryMb":null,"timeoutSeconds":null,"minInstances":null,"maxInstances":null,"ingressSettings":null,"concurrency":null,"serviceAccountEmail":null,"vpc":null,"platform":"gcfv2","labels":{},"httpsTrigger":{},"entryPoint":"api"}},"specVersion":"v1alpha1","requiredAPIs":[]}
[debug] [2024-02-13T01:49:53.663Z] Validating nodejs source
[debug] [2024-02-13T01:49:55.576Z] > [functions] package.json contents: {
  "name": "functions",
  "description": "Cloud Functions for Firebase",
  "scripts": {
    "serve": "firebase emulators:start --only functions",
    "shell": "firebase functions:shell",
    "start": "npm run shell",
    "deploy": "firebase deploy --only functions",
    "logs": "firebase functions:log"
  },
  "engines": {
    "node": "18"
  },
  "main": "index.js",
  "dependencies": {
    "cors": "^2.8.5",
    "dotenv": "^16.4.2",
    "express": "^4.18.2",
    "firebase-admin": "^11.8.0",
    "firebase-functions": "^4.3.1",
    "stripe": "^14.16.0"
  },
  "devDependencies": {
    "firebase-functions-test": "^3.1.0"
  },
  "private": true
}
[debug] [2024-02-13T01:49:55.577Z] Building nodejs source
[debug] [2024-02-13T01:49:55.577Z] Failed to find version of module node: reached end of search path C:\Users\Owner\Desktop\Evangadi\Phase 4\Amazone-Clone\amazone-clone\functions\node_modules
[warn] !  functions: Your requested "node" version "18" doesn't match your global version "20". Using node@20 from host. 
[info] i  functions: Loaded environment variables from .env. 
[debug] [2024-02-13T01:49:55.579Z] Could not find functions.yaml. Must use http discovery
[debug] [2024-02-13T01:49:55.582Z] Found firebase-functions binary at 'C:\Users\Owner\Desktop\Evangadi\Phase 4\Amazone-Clone\amazone-clone\functions\node_modules\.bin\firebase-functions'
[info] +  functions: Loaded functions definitions from source: api. {"metadata":{"emulator":{"name":"functions"},"message":"Loaded functions definitions from source: api."}}
[debug] [2024-02-13T01:49:55.693Z] File C:\Users\Owner\Desktop\Evangadi\Phase 4\Amazone-Clone\amazone-clone\functions\index.js changed, reloading triggers {"metadata":{"emulator":{"name":"functions"},"message":"File C:\\Users\\Owner\\Desktop\\Evangadi\\Phase 4\\Amazone-Clone\\amazone-clone\\functions\\index.js changed, reloading triggers"}}
[info] Serving at port 8645

[debug] [2024-02-13T01:49:56.221Z] Got response from /__/functions.yaml {"endpoints":{"api":{"availableMemoryMb":null,"timeoutSeconds":null,"minInstances":null,"maxInstances":null,"ingressSettings":null,"concurrency":null,"serviceAccountEmail":null,"vpc":null,"platform":"gcfv2","labels":{},"httpsTrigger":{},"entryPoint":"api"}},"specVersion":"v1alpha1","requiredAPIs":[]}
[debug] [2024-02-13T01:49:56.695Z] Validating nodejs source
[debug] [2024-02-13T01:49:58.593Z] > [functions] package.json contents: {
  "name": "functions",
  "description": "Cloud Functions for Firebase",
  "scripts": {
    "serve": "firebase emulators:start --only functions",
    "shell": "firebase functions:shell",
    "start": "npm run shell",
    "deploy": "firebase deploy --only functions",
    "logs": "firebase functions:log"
  },
  "engines": {
    "node": "18"
  },
  "main": "index.js",
  "dependencies": {
    "cors": "^2.8.5",
    "dotenv": "^16.4.2",
    "express": "^4.18.2",
    "firebase-admin": "^11.8.0",
    "firebase-functions": "^4.3.1",
    "stripe": "^14.16.0"
  },
  "devDependencies": {
    "firebase-functions-test": "^3.1.0"
  },
  "private": true
}
[debug] [2024-02-13T01:49:58.593Z] Building nodejs source
[debug] [2024-02-13T01:49:58.593Z] Failed to find version of module node: reached end of search path C:\Users\Owner\Desktop\Evangadi\Phase 4\Amazone-Clone\amazone-clone\functions\node_modules
[warn] !  functions: Your requested "node" version "18" doesn't match your global version "20". Using node@20 from host. 
[info] i  functions: Loaded environment variables from .env. 
[debug] [2024-02-13T01:49:58.595Z] Could not find functions.yaml. Must use http discovery
[debug] [2024-02-13T01:49:58.600Z] Found firebase-functions binary at 'C:\Users\Owner\Desktop\Evangadi\Phase 4\Amazone-Clone\amazone-clone\functions\node_modules\.bin\firebase-functions'
[info] +  functions: Loaded functions definitions from source: api. {"metadata":{"emulator":{"name":"functions"},"message":"Loaded functions definitions from source: api."}}
[debug] [2024-02-13T01:49:58.619Z] File C:\Users\Owner\Desktop\Evangadi\Phase 4\Amazone-Clone\amazone-clone\functions\index.js changed, reloading triggers {"metadata":{"emulator":{"name":"functions"},"message":"File C:\\Users\\Owner\\Desktop\\Evangadi\\Phase 4\\Amazone-Clone\\amazone-clone\\functions\\index.js changed, reloading triggers"}}
[info] Serving at port 8741

[error] C:\Users\Owner\Desktop\Evangadi\Phase 4\Amazone-Clone\amazone-clone\functions\index.js:29
        clientSecret = paymentIntent});
        ^^^^^^^^^^^^^^^^^^^^^^^^^^^^

SyntaxError: Invalid shorthand property initializer
    at internalCompileFunction (node:internal/vm:77:18)
    at wrapSafe (node:internal/modules/cjs/loader:1288:20)
    at Module._compile (node:internal/modules/cjs/loader:1340:27)
    at Module._extensions..js (node:internal/modules/cjs/loader:1435:10)
    at Module.load (node:internal/modules/cjs/loader:1207:32)
    at Module._load (node:internal/modules/cjs/loader:1023:12)
    at Module.require (node:internal/modules/cjs/loader:1235:19)
    at require (node:internal/modules/helpers:176:18)
    at loadModule (C:\Users\Owner\Desktop\Evangadi\Phase 4\Amazone-Clone\amazone-clone\functions\node_modules\firebase-functions\lib\runtime\loader.js:40:16)
    at loadStack (C:\Users\Owner\Desktop\Evangadi\Phase 4\Amazone-Clone\amazone-clone\functions\node_modules\firebase-functions\lib\runtime\loader.js:93:23)

[debug] [2024-02-13T01:49:58.880Z] Got response code 400; body Failed to generate manifest from function source: SyntaxError: Invalid shorthand property initializer
[debug] [2024-02-13T01:49:59.625Z] Validating nodejs source
[debug] [2024-02-13T01:50:01.449Z] > [functions] package.json contents: {
  "name": "functions",
  "description": "Cloud Functions for Firebase",
  "scripts": {
    "serve": "firebase emulators:start --only functions",
    "shell": "firebase functions:shell",
    "start": "npm run shell",
    "deploy": "firebase deploy --only functions",
    "logs": "firebase functions:log"
  },
  "engines": {
    "node": "18"
  },
  "main": "index.js",
  "dependencies": {
    "cors": "^2.8.5",
    "dotenv": "^16.4.2",
    "express": "^4.18.2",
    "firebase-admin": "^11.8.0",
    "firebase-functions": "^4.3.1",
    "stripe": "^14.16.0"
  },
  "devDependencies": {
    "firebase-functions-test": "^3.1.0"
  },
  "private": true
}
[debug] [2024-02-13T01:50:01.449Z] Building nodejs source
[debug] [2024-02-13T01:50:01.449Z] Failed to find version of module node: reached end of search path C:\Users\Owner\Desktop\Evangadi\Phase 4\Amazone-Clone\amazone-clone\functions\node_modules
[warn] !  functions: Your requested "node" version "18" doesn't match your global version "20". Using node@20 from host. 
[info] i  functions: Loaded environment variables from .env. 
[debug] [2024-02-13T01:50:01.451Z] Could not find functions.yaml. Must use http discovery
[debug] [2024-02-13T01:50:01.454Z] Found firebase-functions binary at 'C:\Users\Owner\Desktop\Evangadi\Phase 4\Amazone-Clone\amazone-clone\functions\node_modules\.bin\firebase-functions'
[info] +  functions: Loaded functions definitions from source: api. {"metadata":{"emulator":{"name":"functions"},"message":"Loaded functions definitions from source: api."}}
[info] Serving at port 8130

[error] C:\Users\Owner\Desktop\Evangadi\Phase 4\Amazone-Clone\amazone-clone\functions\index.js:29
        clientSecret = paymentIntent});
        ^^^^^^^^^^^^^^^^^^^^^^^^^^^^

SyntaxError: Invalid shorthand property initializer
    at internalCompileFunction (node:internal/vm:77:18)
    at wrapSafe (node:internal/modules/cjs/loader:1288:20)
    at Module._compile (node:internal/modules/cjs/loader:1340:27)
    at Module._extensions..js (node:internal/modules/cjs/loader:1435:10)
    at Module.load (node:internal/modules/cjs/loader:1207:32)
    at Module._load (node:internal/modules/cjs/loader:1023:12)
    at Module.require (node:internal/modules/cjs/loader:1235:19)
    at require (node:internal/modules/helpers:176:18)
    at loadModule (C:\Users\Owner\Desktop\Evangadi\Phase 4\Amazone-Clone\amazone-clone\functions\node_modules\firebase-functions\lib\runtime\loader.js:40:16)
    at loadStack (C:\Users\Owner\Desktop\Evangadi\Phase 4\Amazone-Clone\amazone-clone\functions\node_modules\firebase-functions\lib\runtime\loader.js:93:23)

[debug] [2024-02-13T01:50:01.728Z] Got response code 400; body Failed to generate manifest from function source: SyntaxError: Invalid shorthand property initializer
[debug] [2024-02-13T01:50:03.341Z] File C:\Users\Owner\Desktop\Evangadi\Phase 4\Amazone-Clone\amazone-clone\functions\index.js changed, reloading triggers {"metadata":{"emulator":{"name":"functions"},"message":"File C:\\Users\\Owner\\Desktop\\Evangadi\\Phase 4\\Amazone-Clone\\amazone-clone\\functions\\index.js changed, reloading triggers"}}
[error] !!  functions: Failed to load function definition from source: FirebaseError: Functions codebase could not be analyzed successfully. It may have a syntax or runtime error {"metadata":{"emulator":{"name":"functions"},"message":"Failed to load function definition from source: FirebaseError: Functions codebase could not be analyzed successfully. It may have a syntax or runtime error"}}
[debug] [2024-02-13T01:50:04.353Z] Validating nodejs source
[debug] [2024-02-13T01:50:06.240Z] > [functions] package.json contents: {
  "name": "functions",
  "description": "Cloud Functions for Firebase",
  "scripts": {
    "serve": "firebase emulators:start --only functions",
    "shell": "firebase functions:shell",
    "start": "npm run shell",
    "deploy": "firebase deploy --only functions",
    "logs": "firebase functions:log"
  },
  "engines": {
    "node": "18"
  },
  "main": "index.js",
  "dependencies": {
    "cors": "^2.8.5",
    "dotenv": "^16.4.2",
    "express": "^4.18.2",
    "firebase-admin": "^11.8.0",
    "firebase-functions": "^4.3.1",
    "stripe": "^14.16.0"
  },
  "devDependencies": {
    "firebase-functions-test": "^3.1.0"
  },
  "private": true
}
[debug] [2024-02-13T01:50:06.240Z] Building nodejs source
[debug] [2024-02-13T01:50:06.240Z] Failed to find version of module node: reached end of search path C:\Users\Owner\Desktop\Evangadi\Phase 4\Amazone-Clone\amazone-clone\functions\node_modules
[warn] !  functions: Your requested "node" version "18" doesn't match your global version "20". Using node@20 from host. 
[info] i  functions: Loaded environment variables from .env. 
[debug] [2024-02-13T01:50:06.243Z] Could not find functions.yaml. Must use http discovery
[debug] [2024-02-13T01:50:06.246Z] Found firebase-functions binary at 'C:\Users\Owner\Desktop\Evangadi\Phase 4\Amazone-Clone\amazone-clone\functions\node_modules\.bin\firebase-functions'
[debug] [2024-02-13T01:50:06.253Z] File C:\Users\Owner\Desktop\Evangadi\Phase 4\Amazone-Clone\amazone-clone\functions\index.js changed, reloading triggers {"metadata":{"emulator":{"name":"functions"},"message":"File C:\\Users\\Owner\\Desktop\\Evangadi\\Phase 4\\Amazone-Clone\\amazone-clone\\functions\\index.js changed, reloading triggers"}}
[info] Serving at port 8196

[error] !!  functions: Failed to load function definition from source: FirebaseError: Functions codebase could not be analyzed successfully. It may have a syntax or runtime error {"metadata":{"emulator":{"name":"functions"},"message":"Failed to load function definition from source: FirebaseError: Functions codebase could not be analyzed successfully. It may have a syntax or runtime error"}}
[debug] [2024-02-13T01:50:06.895Z] Got response from /__/functions.yaml {"endpoints":{"api":{"availableMemoryMb":null,"timeoutSeconds":null,"minInstances":null,"maxInstances":null,"ingressSettings":null,"concurrency":null,"serviceAccountEmail":null,"vpc":null,"platform":"gcfv2","labels":{},"httpsTrigger":{},"entryPoint":"api"}},"specVersion":"v1alpha1","requiredAPIs":[]}
[debug] [2024-02-13T01:50:07.267Z] Validating nodejs source
[debug] [2024-02-13T01:50:11.266Z] > [functions] package.json contents: {
  "name": "functions",
  "description": "Cloud Functions for Firebase",
  "scripts": {
    "serve": "firebase emulators:start --only functions",
    "shell": "firebase functions:shell",
    "start": "npm run shell",
    "deploy": "firebase deploy --only functions",
    "logs": "firebase functions:log"
  },
  "engines": {
    "node": "18"
  },
  "main": "index.js",
  "dependencies": {
    "cors": "^2.8.5",
    "dotenv": "^16.4.2",
    "express": "^4.18.2",
    "firebase-admin": "^11.8.0",
    "firebase-functions": "^4.3.1",
    "stripe": "^14.16.0"
  },
  "devDependencies": {
    "firebase-functions-test": "^3.1.0"
  },
  "private": true
}
[debug] [2024-02-13T01:50:11.266Z] Building nodejs source
[debug] [2024-02-13T01:50:11.266Z] Failed to find version of module node: reached end of search path C:\Users\Owner\Desktop\Evangadi\Phase 4\Amazone-Clone\amazone-clone\functions\node_modules
[warn] !  functions: Your requested "node" version "18" doesn't match your global version "20". Using node@20 from host. 
[info] i  functions: Loaded environment variables from .env. 
[debug] [2024-02-13T01:50:11.269Z] Could not find functions.yaml. Must use http discovery
[debug] [2024-02-13T01:50:11.272Z] Found firebase-functions binary at 'C:\Users\Owner\Desktop\Evangadi\Phase 4\Amazone-Clone\amazone-clone\functions\node_modules\.bin\firebase-functions'
[debug] [2024-02-13T01:50:11.282Z] File C:\Users\Owner\Desktop\Evangadi\Phase 4\Amazone-Clone\amazone-clone\functions\index.js changed, reloading triggers {"metadata":{"emulator":{"name":"functions"},"message":"File C:\\Users\\Owner\\Desktop\\Evangadi\\Phase 4\\Amazone-Clone\\amazone-clone\\functions\\index.js changed, reloading triggers"}}
[info] Serving at port 8863

[debug] [2024-02-13T01:50:11.734Z] File C:\Users\Owner\Desktop\Evangadi\Phase 4\Amazone-Clone\amazone-clone\functions\index.js changed, reloading triggers {"metadata":{"emulator":{"name":"functions"},"message":"File C:\\Users\\Owner\\Desktop\\Evangadi\\Phase 4\\Amazone-Clone\\amazone-clone\\functions\\index.js changed, reloading triggers"}}
[debug] [2024-02-13T01:50:11.879Z] Got response from /__/functions.yaml {"endpoints":{"api":{"availableMemoryMb":null,"timeoutSeconds":null,"minInstances":null,"maxInstances":null,"ingressSettings":null,"concurrency":null,"serviceAccountEmail":null,"vpc":null,"platform":"gcfv2","labels":{},"httpsTrigger":{},"entryPoint":"api"}},"specVersion":"v1alpha1","requiredAPIs":[]}
[info] +  functions: Loaded functions definitions from source: api. {"metadata":{"emulator":{"name":"functions"},"message":"Loaded functions definitions from source: api."}}
[debug] [2024-02-13T01:50:12.745Z] Validating nodejs source
[debug] [2024-02-13T01:50:14.775Z] > [functions] package.json contents: {
  "name": "functions",
  "description": "Cloud Functions for Firebase",
  "scripts": {
    "serve": "firebase emulators:start --only functions",
    "shell": "firebase functions:shell",
    "start": "npm run shell",
    "deploy": "firebase deploy --only functions",
    "logs": "firebase functions:log"
  },
  "engines": {
    "node": "18"
  },
  "main": "index.js",
  "dependencies": {
    "cors": "^2.8.5",
    "dotenv": "^16.4.2",
    "express": "^4.18.2",
    "firebase-admin": "^11.8.0",
    "firebase-functions": "^4.3.1",
    "stripe": "^14.16.0"
  },
  "devDependencies": {
    "firebase-functions-test": "^3.1.0"
  },
  "private": true
}
[debug] [2024-02-13T01:50:14.775Z] Building nodejs source
[debug] [2024-02-13T01:50:14.775Z] Failed to find version of module node: reached end of search path C:\Users\Owner\Desktop\Evangadi\Phase 4\Amazone-Clone\amazone-clone\functions\node_modules
[warn] !  functions: Your requested "node" version "18" doesn't match your global version "20". Using node@20 from host. 
[info] i  functions: Loaded environment variables from .env. 
[debug] [2024-02-13T01:50:14.777Z] Could not find functions.yaml. Must use http discovery
[debug] [2024-02-13T01:50:14.781Z] Found firebase-functions binary at 'C:\Users\Owner\Desktop\Evangadi\Phase 4\Amazone-Clone\amazone-clone\functions\node_modules\.bin\firebase-functions'
[debug] [2024-02-13T01:50:14.961Z] File C:\Users\Owner\Desktop\Evangadi\Phase 4\Amazone-Clone\amazone-clone\functions\index.js changed, reloading triggers {"metadata":{"emulator":{"name":"functions"},"message":"File C:\\Users\\Owner\\Desktop\\Evangadi\\Phase 4\\Amazone-Clone\\amazone-clone\\functions\\index.js changed, reloading triggers"}}
[info] Serving at port 8904

[error] C:\Users\Owner\Desktop\Evangadi\Phase 4\Amazone-Clone\amazone-clone\functions\index.js:29
        clientSecret: paymentIntent.http://127.0.0.1:5001/clone-5a2ec/us-central1/api});
                                        ^

SyntaxError: Unexpected token ':'
    at internalCompileFunction (node:internal/vm:77:18)
    at wrapSafe (node:internal/modules/cjs/loader:1288:20)
    at Module._compile (node:internal/modules/cjs/loader:1340:27)
    at Module._extensions..js (node:internal/modules/cjs/loader:1435:10)
    at Module.load (node:internal/modules/cjs/loader:1207:32)
    at Module._load (node:internal/modules/cjs/loader:1023:12)
    at Module.require (node:internal/modules/cjs/loader:1235:19)
    at require (node:internal/modules/helpers:176:18)
    at loadModule (C:\Users\Owner\Desktop\Evangadi\Phase 4\Amazone-Clone\amazone-clone\functions\node_modules\firebase-functions\lib\runtime\loader.js:40:16)
    at loadStack (C:\Users\Owner\Desktop\Evangadi\Phase 4\Amazone-Clone\amazone-clone\functions\node_modules\firebase-functions\lib\runtime\loader.js:93:23)

[debug] [2024-02-13T01:50:15.101Z] Got response code 400; body Failed to generate manifest from function source: SyntaxError: Unexpected token ':'
[debug] [2024-02-13T01:50:15.962Z] Validating nodejs source
[debug] [2024-02-13T01:50:17.857Z] > [functions] package.json contents: {
  "name": "functions",
  "description": "Cloud Functions for Firebase",
  "scripts": {
    "serve": "firebase emulators:start --only functions",
    "shell": "firebase functions:shell",
    "start": "npm run shell",
    "deploy": "firebase deploy --only functions",
    "logs": "firebase functions:log"
  },
  "engines": {
    "node": "18"
  },
  "main": "index.js",
  "dependencies": {
    "cors": "^2.8.5",
    "dotenv": "^16.4.2",
    "express": "^4.18.2",
    "firebase-admin": "^11.8.0",
    "firebase-functions": "^4.3.1",
    "stripe": "^14.16.0"
  },
  "devDependencies": {
    "firebase-functions-test": "^3.1.0"
  },
  "private": true
}
[debug] [2024-02-13T01:50:17.857Z] Building nodejs source
[debug] [2024-02-13T01:50:17.857Z] Failed to find version of module node: reached end of search path C:\Users\Owner\Desktop\Evangadi\Phase 4\Amazone-Clone\amazone-clone\functions\node_modules
[warn] !  functions: Your requested "node" version "18" doesn't match your global version "20". Using node@20 from host. 
[info] i  functions: Loaded environment variables from .env. 
[debug] [2024-02-13T01:50:17.860Z] Could not find functions.yaml. Must use http discovery
[debug] [2024-02-13T01:50:17.864Z] Found firebase-functions binary at 'C:\Users\Owner\Desktop\Evangadi\Phase 4\Amazone-Clone\amazone-clone\functions\node_modules\.bin\firebase-functions'
[info] +  functions: Loaded functions definitions from source: api. {"metadata":{"emulator":{"name":"functions"},"message":"Loaded functions definitions from source: api."}}
[debug] [2024-02-13T01:50:17.872Z] File C:\Users\Owner\Desktop\Evangadi\Phase 4\Amazone-Clone\amazone-clone\functions\index.js changed, reloading triggers {"metadata":{"emulator":{"name":"functions"},"message":"File C:\\Users\\Owner\\Desktop\\Evangadi\\Phase 4\\Amazone-Clone\\amazone-clone\\functions\\index.js changed, reloading triggers"}}
[info] Serving at port 8776

[error] C:\Users\Owner\Desktop\Evangadi\Phase 4\Amazone-Clone\amazone-clone\functions\index.js:29
        clientSecret: paymentIntent.});
                                    ^

SyntaxError: Unexpected token '}'
    at internalCompileFunction (node:internal/vm:77:18)
    at wrapSafe (node:internal/modules/cjs/loader:1288:20)
    at Module._compile (node:internal/modules/cjs/loader:1340:27)
    at Module._extensions..js (node:internal/modules/cjs/loader:1435:10)
    at Module.load (node:internal/modules/cjs/loader:1207:32)
    at Module._load (node:internal/modules/cjs/loader:1023:12)
    at Module.require (node:internal/modules/cjs/loader:1235:19)
    at require (node:internal/modules/helpers:176:18)
    at loadModule (C:\Users\Owner\Desktop\Evangadi\Phase 4\Amazone-Clone\amazone-clone\functions\node_modules\firebase-functions\lib\runtime\loader.js:40:16)
    at loadStack (C:\Users\Owner\Desktop\Evangadi\Phase 4\Amazone-Clone\amazone-clone\functions\node_modules\firebase-functions\lib\runtime\loader.js:93:23)

[debug] [2024-02-13T01:50:18.146Z] Got response code 400; body Failed to generate manifest from function source: SyntaxError: Unexpected token '}'
[debug] [2024-02-13T01:50:18.881Z] Validating nodejs source
[debug] [2024-02-13T01:50:20.759Z] > [functions] package.json contents: {
  "name": "functions",
  "description": "Cloud Functions for Firebase",
  "scripts": {
    "serve": "firebase emulators:start --only functions",
    "shell": "firebase functions:shell",
    "start": "npm run shell",
    "deploy": "firebase deploy --only functions",
    "logs": "firebase functions:log"
  },
  "engines": {
    "node": "18"
  },
  "main": "index.js",
  "dependencies": {
    "cors": "^2.8.5",
    "dotenv": "^16.4.2",
    "express": "^4.18.2",
    "firebase-admin": "^11.8.0",
    "firebase-functions": "^4.3.1",
    "stripe": "^14.16.0"
  },
  "devDependencies": {
    "firebase-functions-test": "^3.1.0"
  },
  "private": true
}
[debug] [2024-02-13T01:50:20.759Z] Building nodejs source
[debug] [2024-02-13T01:50:20.759Z] Failed to find version of module node: reached end of search path C:\Users\Owner\Desktop\Evangadi\Phase 4\Amazone-Clone\amazone-clone\functions\node_modules
[warn] !  functions: Your requested "node" version "18" doesn't match your global version "20". Using node@20 from host. 
[info] i  functions: Loaded environment variables from .env. 
[error] !!  functions: Failed to load function definition from source: FirebaseError: Functions codebase could not be analyzed successfully. It may have a syntax or runtime error {"metadata":{"emulator":{"name":"functions"},"message":"Failed to load function definition from source: FirebaseError: Functions codebase could not be analyzed successfully. It may have a syntax or runtime error"}}
[debug] [2024-02-13T01:50:20.762Z] Could not find functions.yaml. Must use http discovery
[debug] [2024-02-13T01:50:20.766Z] Found firebase-functions binary at 'C:\Users\Owner\Desktop\Evangadi\Phase 4\Amazone-Clone\amazone-clone\functions\node_modules\.bin\firebase-functions'
[info] Serving at port 8209

[error] C:\Users\Owner\Desktop\Evangadi\Phase 4\Amazone-Clone\amazone-clone\functions\index.js:29
        clientSecret: paymentIntent.});
                                    ^

SyntaxError: Unexpected token '}'
    at internalCompileFunction (node:internal/vm:77:18)
    at wrapSafe (node:internal/modules/cjs/loader:1288:20)
    at Module._compile (node:internal/modules/cjs/loader:1340:27)
    at Module._extensions..js (node:internal/modules/cjs/loader:1435:10)
    at Module.load (node:internal/modules/cjs/loader:1207:32)
    at Module._load (node:internal/modules/cjs/loader:1023:12)
    at Module.require (node:internal/modules/cjs/loader:1235:19)
    at require (node:internal/modules/helpers:176:18)
    at loadModule (C:\Users\Owner\Desktop\Evangadi\Phase 4\Amazone-Clone\amazone-clone\functions\node_modules\firebase-functions\lib\runtime\loader.js:40:16)
    at loadStack (C:\Users\Owner\Desktop\Evangadi\Phase 4\Amazone-Clone\amazone-clone\functions\node_modules\firebase-functions\lib\runtime\loader.js:93:23)

[debug] [2024-02-13T01:50:21.078Z] Got response code 400; body Failed to generate manifest from function source: SyntaxError: Unexpected token '}'
[error] !!  functions: Failed to load function definition from source: FirebaseError: Functions codebase could not be analyzed successfully. It may have a syntax or runtime error {"metadata":{"emulator":{"name":"functions"},"message":"Failed to load function definition from source: FirebaseError: Functions codebase could not be analyzed successfully. It may have a syntax or runtime error"}}
[error] !!  functions: Failed to load function definition from source: FirebaseError: Functions codebase could not be analyzed successfully. It may have a syntax or runtime error {"metadata":{"emulator":{"name":"functions"},"message":"Failed to load function definition from source: FirebaseError: Functions codebase could not be analyzed successfully. It may have a syntax or runtime error"}}
[debug] [2024-02-13T01:50:34.121Z] File C:\Users\Owner\Desktop\Evangadi\Phase 4\Amazone-Clone\amazone-clone\functions\index.js changed, reloading triggers {"metadata":{"emulator":{"name":"functions"},"message":"File C:\\Users\\Owner\\Desktop\\Evangadi\\Phase 4\\Amazone-Clone\\amazone-clone\\functions\\index.js changed, reloading triggers"}}
[debug] [2024-02-13T01:50:35.130Z] Validating nodejs source
[debug] [2024-02-13T01:50:37.098Z] > [functions] package.json contents: {
  "name": "functions",
  "description": "Cloud Functions for Firebase",
  "scripts": {
    "serve": "firebase emulators:start --only functions",
    "shell": "firebase functions:shell",
    "start": "npm run shell",
    "deploy": "firebase deploy --only functions",
    "logs": "firebase functions:log"
  },
  "engines": {
    "node": "18"
  },
  "main": "index.js",
  "dependencies": {
    "cors": "^2.8.5",
    "dotenv": "^16.4.2",
    "express": "^4.18.2",
    "firebase-admin": "^11.8.0",
    "firebase-functions": "^4.3.1",
    "stripe": "^14.16.0"
  },
  "devDependencies": {
    "firebase-functions-test": "^3.1.0"
  },
  "private": true
}
[debug] [2024-02-13T01:50:37.098Z] Building nodejs source
[debug] [2024-02-13T01:50:37.098Z] Failed to find version of module node: reached end of search path C:\Users\Owner\Desktop\Evangadi\Phase 4\Amazone-Clone\amazone-clone\functions\node_modules
[warn] !  functions: Your requested "node" version "18" doesn't match your global version "20". Using node@20 from host. 
[info] i  functions: Loaded environment variables from .env. 
[debug] [2024-02-13T01:50:37.100Z] Could not find functions.yaml. Must use http discovery
[debug] [2024-02-13T01:50:37.104Z] Found firebase-functions binary at 'C:\Users\Owner\Desktop\Evangadi\Phase 4\Amazone-Clone\amazone-clone\functions\node_modules\.bin\firebase-functions'
[info] Serving at port 8226

[error] C:\Users\Owner\Desktop\Evangadi\Phase 4\Amazone-Clone\amazone-clone\functions\index.js:29
        clientSecret: paymentIntent.http://127.0.0.1:5001/clone-5a2ec/us-central1/api});
                                        ^

SyntaxError: Unexpected token ':'
    at internalCompileFunction (node:internal/vm:77:18)
    at wrapSafe (node:internal/modules/cjs/loader:1288:20)
    at Module._compile (node:internal/modules/cjs/loader:1340:27)
    at Module._extensions..js (node:internal/modules/cjs/loader:1435:10)
    at Module.load (node:internal/modules/cjs/loader:1207:32)
    at Module._load (node:internal/modules/cjs/loader:1023:12)
    at Module.require (node:internal/modules/cjs/loader:1235:19)
    at require (node:internal/modules/helpers:176:18)
    at loadModule (C:\Users\Owner\Desktop\Evangadi\Phase 4\Amazone-Clone\amazone-clone\functions\node_modules\firebase-functions\lib\runtime\loader.js:40:16)
    at loadStack (C:\Users\Owner\Desktop\Evangadi\Phase 4\Amazone-Clone\amazone-clone\functions\node_modules\firebase-functions\lib\runtime\loader.js:93:23)

[debug] [2024-02-13T01:50:37.393Z] Got response code 400; body Failed to generate manifest from function source: SyntaxError: Unexpected token ':'
[debug] [2024-02-13T01:50:40.618Z] File C:\Users\Owner\Desktop\Evangadi\Phase 4\Amazone-Clone\amazone-clone\functions\index.js changed, reloading triggers {"metadata":{"emulator":{"name":"functions"},"message":"File C:\\Users\\Owner\\Desktop\\Evangadi\\Phase 4\\Amazone-Clone\\amazone-clone\\functions\\index.js changed, reloading triggers"}}
[debug] [2024-02-13T01:50:41.632Z] Validating nodejs source
[debug] [2024-02-13T01:50:43.580Z] > [functions] package.json contents: {
  "name": "functions",
  "description": "Cloud Functions for Firebase",
  "scripts": {
    "serve": "firebase emulators:start --only functions",
    "shell": "firebase functions:shell",
    "start": "npm run shell",
    "deploy": "firebase deploy --only functions",
    "logs": "firebase functions:log"
  },
  "engines": {
    "node": "18"
  },
  "main": "index.js",
  "dependencies": {
    "cors": "^2.8.5",
    "dotenv": "^16.4.2",
    "express": "^4.18.2",
    "firebase-admin": "^11.8.0",
    "firebase-functions": "^4.3.1",
    "stripe": "^14.16.0"
  },
  "devDependencies": {
    "firebase-functions-test": "^3.1.0"
  },
  "private": true
}
[debug] [2024-02-13T01:50:43.580Z] Building nodejs source
[debug] [2024-02-13T01:50:43.580Z] Failed to find version of module node: reached end of search path C:\Users\Owner\Desktop\Evangadi\Phase 4\Amazone-Clone\amazone-clone\functions\node_modules
[warn] !  functions: Your requested "node" version "18" doesn't match your global version "20". Using node@20 from host. 
[info] i  functions: Loaded environment variables from .env. 
[debug] [2024-02-13T01:50:43.582Z] Could not find functions.yaml. Must use http discovery
[debug] [2024-02-13T01:50:43.586Z] Found firebase-functions binary at 'C:\Users\Owner\Desktop\Evangadi\Phase 4\Amazone-Clone\amazone-clone\functions\node_modules\.bin\firebase-functions'
[error] !!  functions: Failed to load function definition from source: FirebaseError: Functions codebase could not be analyzed successfully. It may have a syntax or runtime error {"metadata":{"emulator":{"name":"functions"},"message":"Failed to load function definition from source: FirebaseError: Functions codebase could not be analyzed successfully. It may have a syntax or runtime error"}}
[info] Serving at port 8317

[error] C:\Users\Owner\Desktop\Evangadi\Phase 4\Amazone-Clone\amazone-clone\functions\index.js:29
        clientSecret: paymentIntent.});
                                    ^

SyntaxError: Unexpected token '}'
    at internalCompileFunction (node:internal/vm:77:18)
    at wrapSafe (node:internal/modules/cjs/loader:1288:20)
    at Module._compile (node:internal/modules/cjs/loader:1340:27)
    at Module._extensions..js (node:internal/modules/cjs/loader:1435:10)
    at Module.load (node:internal/modules/cjs/loader:1207:32)
    at Module._load (node:internal/modules/cjs/loader:1023:12)
    at Module.require (node:internal/modules/cjs/loader:1235:19)
    at require (node:internal/modules/helpers:176:18)
    at loadModule (C:\Users\Owner\Desktop\Evangadi\Phase 4\Amazone-Clone\amazone-clone\functions\node_modules\firebase-functions\lib\runtime\loader.js:40:16)
    at loadStack (C:\Users\Owner\Desktop\Evangadi\Phase 4\Amazone-Clone\amazone-clone\functions\node_modules\firebase-functions\lib\runtime\loader.js:93:23)

[debug] [2024-02-13T01:50:43.866Z] Got response code 400; body Failed to generate manifest from function source: SyntaxError: Unexpected token '}'
[error] !!  functions: Failed to load function definition from source: FirebaseError: Functions codebase could not be analyzed successfully. It may have a syntax or runtime error {"metadata":{"emulator":{"name":"functions"},"message":"Failed to load function definition from source: FirebaseError: Functions codebase could not be analyzed successfully. It may have a syntax or runtime error"}}
[debug] [2024-02-13T01:51:09.555Z] File C:\Users\Owner\Desktop\Evangadi\Phase 4\Amazone-Clone\amazone-clone\functions\index.js changed, reloading triggers {"metadata":{"emulator":{"name":"functions"},"message":"File C:\\Users\\Owner\\Desktop\\Evangadi\\Phase 4\\Amazone-Clone\\amazone-clone\\functions\\index.js changed, reloading triggers"}}
[debug] [2024-02-13T01:51:10.570Z] Validating nodejs source
[debug] [2024-02-13T01:51:12.417Z] > [functions] package.json contents: {
  "name": "functions",
  "description": "Cloud Functions for Firebase",
  "scripts": {
    "serve": "firebase emulators:start --only functions",
    "shell": "firebase functions:shell",
    "start": "npm run shell",
    "deploy": "firebase deploy --only functions",
    "logs": "firebase functions:log"
  },
  "engines": {
    "node": "18"
  },
  "main": "index.js",
  "dependencies": {
    "cors": "^2.8.5",
    "dotenv": "^16.4.2",
    "express": "^4.18.2",
    "firebase-admin": "^11.8.0",
    "firebase-functions": "^4.3.1",
    "stripe": "^14.16.0"
  },
  "devDependencies": {
    "firebase-functions-test": "^3.1.0"
  },
  "private": true
}
[debug] [2024-02-13T01:51:12.417Z] Building nodejs source
[debug] [2024-02-13T01:51:12.417Z] Failed to find version of module node: reached end of search path C:\Users\Owner\Desktop\Evangadi\Phase 4\Amazone-Clone\amazone-clone\functions\node_modules
[warn] !  functions: Your requested "node" version "18" doesn't match your global version "20". Using node@20 from host. 
[info] i  functions: Loaded environment variables from .env. 
[debug] [2024-02-13T01:51:12.419Z] Could not find functions.yaml. Must use http discovery
[debug] [2024-02-13T01:51:12.422Z] Found firebase-functions binary at 'C:\Users\Owner\Desktop\Evangadi\Phase 4\Amazone-Clone\amazone-clone\functions\node_modules\.bin\firebase-functions'
[info] Serving at port 8051

[debug] [2024-02-13T01:51:12.989Z] Got response from /__/functions.yaml {"endpoints":{"api":{"availableMemoryMb":null,"timeoutSeconds":null,"minInstances":null,"maxInstances":null,"ingressSettings":null,"concurrency":null,"serviceAccountEmail":null,"vpc":null,"platform":"gcfv2","labels":{},"httpsTrigger":{},"entryPoint":"api"}},"specVersion":"v1alpha1","requiredAPIs":[]}
[info] +  functions: Loaded functions definitions from source: api. {"metadata":{"emulator":{"name":"functions"},"message":"Loaded functions definitions from source: api."}}
[debug] [2024-02-13T01:51:21.375Z] File C:\Users\Owner\Desktop\Evangadi\Phase 4\Amazone-Clone\amazone-clone\functions\index.js changed, reloading triggers {"metadata":{"emulator":{"name":"functions"},"message":"File C:\\Users\\Owner\\Desktop\\Evangadi\\Phase 4\\Amazone-Clone\\amazone-clone\\functions\\index.js changed, reloading triggers"}}
